g_a: GroupAffine(x=Fp384 "(001EB2D934BAD8683406BB85E0EB20A6062DE17462D6885132CE7413D4AC9296419B68DE83588FCF46C23C0D5D094697)", y=Fp384 "(018C141B3FBDCB3B156A33ED4C5305CE505B3FFC9EE3F02D38433A20AEB15EEDF931187820AC4902830ADB3ECDFEA742)"), 
     GroupAffine(x=Fp384 "(019D916233C619D5DE8B74A157860D0FAACF82715A4AE07203CAE7975C4A675700090FC6D3668575FBB4C8FF975CBA32)", y=Fp384 "(0185BA1FD2BB9DF3B8B6BD45CB54A40154F62D38AE0BE809BE456B1731843EAB5E82337E84E20D57EE6A4D61191F4B75)") (shared)
g_a: GroupAffine(x=Fp384 "(000E45AA73ABB87EA7BFC61061B717D41AB7C1749563AB652986B128E32412043E22D8C8E4538A8472800032CCAB4294)", y=Fp384 "(001F387EB50E4F3705D04280BB56A0F4921590E2CC0423ACC7FCDD60DE35C9D0E9B96D1B2CB4438D887EAE93694C6B5B)"), 
     GroupAffine(x=Fp384 "(012459E5A648DFAFE827B83E38155DC089BE7AA3998BABC88A8340D1C3728EA34F8233FE800F571D7BAC444D362B27C3)", y=Fp384 "(007FFDB8051027D6B05B9193CFF778DCA0D615A135F78D634ED3EEA66B35D70CAA76535A35C5B4756F677E9678693E8B)") (shared)
g_a: GroupAffine(x=Fp384 "(01028A3A8A5B81D351D662C710758D8C1CAB2ACD4B57F991C50B2528FB96F5F69C81A1D461D1BC93D05AC5D84AA7BC65)", y=Fp384 "(004BF6B81B97F471B22EAF7CB825A57E16A0E32534330A3241058508AD0E4AC8CCD5AE1FB4DD956E2B7360A12A25F142)"), 
     GroupAffine(x=Fp384 "(00EB1D5E852B0A7E6E33015A2F84D841BEBD50B3B95066E53DDD7E45FC8C27D937ABC6126F27DB7B051E0B238BE1ECB4)", y=Fp384 "(017C4DA7B60933128E319D1D84914501D5CB888F65C6B253F7E99B6720C53B5E81D5098E6D62BA78D7635542283FA9BD)") (shared)

[DEBUG mpc_algebra::share::rss3] 
ss[0][0]: GroupAffine(x=Fp384 "(001EB2D934BAD8683406BB85E0EB20A6062DE17462D6885132CE7413D4AC9296419B68DE83588FCF46C23C0D5D094697)", y=Fp384 "(018C141B3FBDCB3B156A33ED4C5305CE505B3FFC9EE3F02D38433A20AEB15EEDF931187820AC4902830ADB3ECDFEA742)"),
ss[0][1]: GroupAffine(x=Fp384 "(019D916233C619D5DE8B74A157860D0FAACF82715A4AE07203CAE7975C4A675700090FC6D3668575FBB4C8FF975CBA32)", y=Fp384 "(0185BA1FD2BB9DF3B8B6BD45CB54A40154F62D38AE0BE809BE456B1731843EAB5E82337E84E20D57EE6A4D61191F4B75)")

[DEBUG mpc_algebra::share::rss3] 
ss[1][0]: GroupAffine(x=Fp384 "(01028A3A8A5B81D351D662C710758D8C1CAB2ACD4B57F991C50B2528FB96F5F69C81A1D461D1BC93D05AC5D84AA7BC65)", y=Fp384 "(004BF6B81B97F471B22EAF7CB825A57E16A0E32534330A3241058508AD0E4AC8CCD5AE1FB4DD956E2B7360A12A25F142)"),
ss[1][1]: GroupAffine(x=Fp384 "(00EB1D5E852B0A7E6E33015A2F84D841BEBD50B3B95066E53DDD7E45FC8C27D937ABC6126F27DB7B051E0B238BE1ECB4)", y=Fp384 "(017C4DA7B60933128E319D1D84914501D5CB888F65C6B253F7E99B6720C53B5E81D5098E6D62BA78D7635542283FA9BD)")

[DEBUG mpc_algebra::share::rss3] 
ss[2][0]: GroupAffine(x=Fp384 "(000E45AA73ABB87EA7BFC61061B717D41AB7C1749563AB652986B128E32412043E22D8C8E4538A8472800032CCAB4294)", y=Fp384 "(001F387EB50E4F3705D04280BB56A0F4921590E2CC0423ACC7FCDD60DE35C9D0E9B96D1B2CB4438D887EAE93694C6B5B)"),
ss[2][1]: GroupAffine(x=Fp384 "(012459E5A648DFAFE827B83E38155DC089BE7AA3998BABC88A8340D1C3728EA34F8233FE800F571D7BAC444D362B27C3)", y=Fp384 "(007FFDB8051027D6B05B9193CFF778DCA0D615A135F78D634ED3EEA66B35D70CAA76535A35C5B4756F677E9678693E8B)")

[DEBUG mpc_algebra::share::rss3] 
res0: GroupAffine(x=Fp384 "(00CE1D6442E542E2AA2618B59BAEEBD86DE21C17B6244C5BC31AD8BA705D95338A2972DAA5D18EE5D4ECDEB51C40E727)", y=Fp384 "(007D91ACC3D6FACC76D61266F67A2B57F4A992ADDF803758884E4F7D924AFC3C89C2A0A92F9BE5DFBBA6BF9228B461AD)"), 
res1: GroupAffine(x=Fp384 "(00305F69F7E728EDFAA493383B4C5028AB615D568BA1CAEC48E03AC19609E2EDB067CDB73F1A39328424329E44C10780)", y=Fp384 "(00ECE60F4BA422AE46C4644A5E7195B123DDFF33D0A7CBEEBCDA9226FADC803DF58A5CADADED32CD1D92C98DFC863211)")

[DEBUG proof::groth::prover] 
    h[0]: Fp256 "(059E7D010ED448802737CE63646242AD829CDAFED7B7EBC948F9C19B53CAF0B3)",Fp256 "(09EC8D40FB419FA1AD30BCB748522D56C9F58D72980CFD6123206F52DF74BBF7)" (shared)
    
[DEBUG proof::groth::prover] 
    h[0]: Fp256 "(09EC8D40FB419FA1AD30BCB748522D56C9F58D72980CFD6123206F52DF74BBF7)",Fp256 "(0931C1F5C5DF46A86645BFEC293728CEA3515082E070C5418656E210BF95A154)" (shared)
    
[DEBUG proof::groth::prover] 
    h[0]: Fp256 "(0931C1F5C5DF46A86645BFEC293728CEA3515082E070C5418656E210BF95A154)",Fp256 "(059E7D010ED448802737CE63646242AD829CDAFED7B7EBC948F9C19B53CAF0B3)" (shared)
  
    




[DEBUG mpc_algebra::wire::pairing] 
    priv_scalars[0]: Fp256 "(059E7D010ED448802737CE63646242AD829CDAFED7B7EBC948F9C19B53CAF0B3)",Fp256 "(09EC8D40FB419FA1AD30BCB748522D56C9F58D72980CFD6123206F52DF74BBF7)"
[DEBUG mpc_algebra::wire::pairing] 
    priv_scalars[0]: Fp256 "(0931C1F5C5DF46A86645BFEC293728CEA3515082E070C5418656E210BF95A154)",Fp256 "(059E7D010ED448802737CE63646242AD829CDAFED7B7EBC948F9C19B53CAF0B3)"
[DEBUG mpc_algebra::wire::pairing] 
    priv_scalars[0]: Fp256 "(09EC8D40FB419FA1AD30BCB748522D56C9F58D72980CFD6123206F52DF74BBF7)",Fp256 "(0931C1F5C5DF46A86645BFEC293728CEA3515082E070C5418656E210BF95A154)"
    
[DEBUG mpc_algebra::wire::pairing] 
    r: GroupAffine(x=Fp384 "(00BD6CF952D2341356B360CE8064F996558D5FCCD81C5FB55ED3A1C02A7438C3EEB09A384347DDEFDFB5D2778C701CE9)", y=Fp384 "(0140C830AA7F99D67A9BA8C3702D191EB4A1380402FF07D208AB322D6E91E84A956D442114F58BF51A0638625FAA87F8)"),
     GroupAffine(x=Fp384 "(0120E10B0297B7921F41C00761F498E7C8F174E8B14353A6B87BAF0A2FAC63F0E27D314D600B28BDC972772BCA4B98FC)", y=Fp384 "(003E728B8F026EDD22E3F9EAA7E0E4C7B5C16DC085FB7C128D878232606B1DA73AD90B318F1015292D3782902141F389)") (shared)
[DEBUG mpc_algebra::wire::pairing] 
    r: GroupAffine(x=Fp384 "(008729A095BAF5D8E9086A340B53ED4C8DC9E0640461342992CC3AD68693FF89B6343D02D0FD6A05AB901336BE8E5F77)", y=Fp384 "(01363C04D9A4A838B84035D49C1B977EB7488F30CC68EDBCF28CF83BF32511EFA69B0816D1374CD12B847F06B39C3C56)"),
     GroupAffine(x=Fp384 "(00BD6CF952D2341356B360CE8064F996558D5FCCD81C5FB55ED3A1C02A7438C3EEB09A384347DDEFDFB5D2778C701CE9)", y=Fp384 "(0140C830AA7F99D67A9BA8C3702D191EB4A1380402FF07D208AB322D6E91E84A956D442114F58BF51A0638625FAA87F8)") (shared)
    [DEBUG mpc_algebra::wire::pairing] 
    r: GroupAffine(x=Fp384 "(0120E10B0297B7921F41C00761F498E7C8F174E8B14353A6B87BAF0A2FAC63F0E27D314D600B28BDC972772BCA4B98FC)", y=Fp384 "(003E728B8F026EDD22E3F9EAA7E0E4C7B5C16DC085FB7C128D878232606B1DA73AD90B318F1015292D3782902141F389)"), 
    GroupAffine(x=Fp384 "(008729A095BAF5D8E9086A340B53ED4C8DC9E0640461342992CC3AD68693FF89B6343D02D0FD6A05AB901336BE8E5F77)", y=Fp384 "(01363C04D9A4A838B84035D49C1B977EB7488F30CC68EDBCF28CF83BF32511EFA69B0816D1374CD12B847F06B39C3C56)") (shared)
     
[DEBUG proof::groth::prover] 
    h_acc: GroupAffine(x=Fp384 "(00BD6CF952D2341356B360CE8064F996558D5FCCD81C5FB55ED3A1C02A7438C3EEB09A384347DDEFDFB5D2778C701CE9)", y=Fp384 "(0140C830AA7F99D67A9BA8C3702D191EB4A1380402FF07D208AB322D6E91E84A956D442114F58BF51A0638625FAA87F8)"), 
    GroupAffine(x=Fp384 "(0120E10B0297B7921F41C00761F498E7C8F174E8B14353A6B87BAF0A2FAC63F0E27D314D600B28BDC972772BCA4B98FC)", y=Fp384 "(003E728B8F026EDD22E3F9EAA7E0E4C7B5C16DC085FB7C128D878232606B1DA73AD90B318F1015292D3782902141F389)") (shared)
[DEBUG proof::groth::prover] 
    h_acc: GroupAffine(x=Fp384 "(008729A095BAF5D8E9086A340B53ED4C8DC9E0640461342992CC3AD68693FF89B6343D02D0FD6A05AB901336BE8E5F77)", y=Fp384 "(01363C04D9A4A838B84035D49C1B977EB7488F30CC68EDBCF28CF83BF32511EFA69B0816D1374CD12B847F06B39C3C56)"), 
    GroupAffine(x=Fp384 "(00BD6CF952D2341356B360CE8064F996558D5FCCD81C5FB55ED3A1C02A7438C3EEB09A384347DDEFDFB5D2778C701CE9)", y=Fp384 "(0140C830AA7F99D67A9BA8C3702D191EB4A1380402FF07D208AB322D6E91E84A956D442114F58BF51A0638625FAA87F8)") (shared) 
[DEBUG proof::groth::prover] 
    h_acc: GroupAffine(x=Fp384 "(0120E10B0297B7921F41C00761F498E7C8F174E8B14353A6B87BAF0A2FAC63F0E27D314D600B28BDC972772BCA4B98FC)", y=Fp384 "(003E728B8F026EDD22E3F9EAA7E0E4C7B5C16DC085FB7C128D878232606B1DA73AD90B318F1015292D3782902141F389)"), 
    GroupAffine(x=Fp384 "(008729A095BAF5D8E9086A340B53ED4C8DC9E0640461342992CC3AD68693FF89B6343D02D0FD6A05AB901336BE8E5F77)", y=Fp384 "(01363C04D9A4A838B84035D49C1B977EB7488F30CC68EDBCF28CF83BF32511EFA69B0816D1374CD12B847F06B39C3C56)") (shared)
    


[DEBUG mpc_algebra::wire::pairing] 
    priv_scalars[0]: Fp256 "(1202F25731BFD5EAFFD548B282FAA97A9C0507C1DFBDA1AEABC8D25E0D9B649A)",Fp256 "(0D3CF41800C1522D86BAC9C9E4422786093549A6EA0BE00791B5F3F7E345ED15)"
[DEBUG mpc_algebra::wire::pairing] 
    priv_scalars[0]: Fp256 "(03B02639489004B4F9BB3F4F67A7C35725AAF1C0B2691288219FB879DF646B58)",Fp256 "(1202F25731BFD5EAFFD548B282FAA97A9C0507C1DFBDA1AEABC8D25E0D9B649A)"
[DEBUG mpc_algebra::wire::pairing] 
    priv_scalars[0]: Fp256 "(0D3CF41800C1522D86BAC9C9E4422786093549A6EA0BE00791B5F3F7E345ED15)",Fp256 "(03B02639489004B4F9BB3F4F67A7C35725AAF1C0B2691288219FB879DF646B58)"
    
[DEBUG mpc_algebra::wire::pairing] 
    r: GroupAffine(x=Fp384 "(00748B448878CD0F1F6FDF4D13A8F9E17006156F4C6B904133CD951744300EB2ABCADD7A099EC79DA4F4B9BA1BE78D7C)", y=Fp384 "(000056275444ED721DB4750EB7E69AE50B993DD41C0D82203E088AA1B523A71628D1330A20336AF585A619AA0C00B4A3)"), GroupAffine(x=Fp384 "(0096433176607641CE98538EFBD29C4FF8B7E5FC766776E28C98CFD1539254E5BA613B3F1A93807FE2E1B746C3453AED)", y=Fp384 "(01A159F764DDAD3E5F8EF96210ED5B72EA9CDC66529A49652B1EC081D53E0E3025264A85302355C66CA9EAF03B8EF84E)") (shared)
    
[DEBUG mpc_algebra::wire::pairing] 
    r: GroupAffine(x=Fp384 "(0096433176607641CE98538EFBD29C4FF8B7E5FC766776E28C98CFD1539254E5BA613B3F1A93807FE2E1B746C3453AED)", y=Fp384 "(01A159F764DDAD3E5F8EF96210ED5B72EA9CDC66529A49652B1EC081D53E0E3025264A85302355C66CA9EAF03B8EF84E)"), GroupAffine(x=Fp384 "(0099CE3D2EA97FD79D9F241851F22D4D3F472290C43882AB96D8C2B5C3FC0BAC97CB5158BBF71407ABD1607A066F1CFE)", y=Fp384 "(0109E17981CB413C839C02AF0ECAEFAEAB71553FA6C27A64A28D488D7B09ECAE3B55569919C445FD26F3728A2BC44BB0)") (shared)
    
[DEBUG mpc_algebra::wire::pairing] 
    r: GroupAffine(x=Fp384 "(0099CE3D2EA97FD79D9F241851F22D4D3F472290C43882AB96D8C2B5C3FC0BAC97CB5158BBF71407ABD1607A066F1CFE)", y=Fp384 "(0109E17981CB413C839C02AF0ECAEFAEAB71553FA6C27A64A28D488D7B09ECAE3B55569919C445FD26F3728A2BC44BB0)"), GroupAffine(x=Fp384 "(00748B448878CD0F1F6FDF4D13A8F9E17006156F4C6B904133CD951744300EB2ABCADD7A099EC79DA4F4B9BA1BE78D7C)", y=Fp384 "(000056275444ED721DB4750EB7E69AE50B993DD41C0D82203E088AA1B523A71628D1330A20336AF585A619AA0C00B4A3)") (shared)
    

[DEBUG mpc_algebra::wire::pairing] 
    priv_scalars[0]: Fp256 "(000C7DABCBC4F3315C8DD6282BBF9E7B0F7352D4B0C9CCB3FD2738512458D8F8)",Fp256 "(1057A18BDFCC3D8B5A18BD39585B771EA07C1AD4EC71B614468A6F74801045C6)"
    
[DEBUG mpc_algebra::wire::pairing] 
    priv_scalars[0]: Fp256 "(1057A18BDFCC3D8B5A18BD39585B771EA07C1AD4EC71B614468A6F74801045C6)",Fp256 "(0066B102B23423BC5E822BEDE9744CDC02F48F69B7F620CF800576E6F575F267)"
    
[DEBUG mpc_algebra::wire::pairing] 
    priv_scalars[0]: Fp256 "(0066B102B23423BC5E822BEDE9744CDC02F48F69B7F620CF800576E6F575F267)",Fp256 "(000C7DABCBC4F3315C8DD6282BBF9E7B0F7352D4B0C9CCB3FD2738512458D8F8)"
    
[DEBUG mpc_algebra::wire::pairing] 
    r: GroupAffine(x=Fp384 "(0066547C5095180575B7EC63B3C18CB81836F7391D487E6160AAFB4D87738C21B37831A5BFF7FD4FAF786791CA01B5B1)", y=Fp384 "(00F550F670D7E3F4F5E38F7F83D245D6CD24B5C7938DC166C9F9967AC16C9F37AC0F6B8AAE127ED77064865542025B27)"), GroupAffine(x=Fp384 "(019326DE368325E819A76E762E38578A442AFAEAF9CE153E4E659F29DD9884F12EC727C63AC12DD1864DB3561A28D3D9)", y=Fp384 "(0179C800D75ECF76224099C38FFB93A396095DE2FB667F089C426780594C63296B731A7BB8A0E94670F4D096F2E1D368)") (shared)
    
[DEBUG mpc_algebra::wire::pairing] 
    priv_scalars[0]: Fp256 "(000C7DABCBC4F3315C8DD6282BBF9E7B0F7352D4B0C9CCB3FD2738512458D8F8)",Fp256 "(1057A18BDFCC3D8B5A18BD39585B771EA07C1AD4EC71B614468A6F74801045C6)"
    
[DEBUG mpc_algebra::wire::pairing] 
    priv_scalars[0]: Fp256 "(1057A18BDFCC3D8B5A18BD39585B771EA07C1AD4EC71B614468A6F74801045C6)",Fp256 "(0066B102B23423BC5E822BEDE9744CDC02F48F69B7F620CF800576E6F575F267)"
    
[DEBUG mpc_algebra::wire::pairing] 
    priv_scalars[0]: Fp256 "(0066B102B23423BC5E822BEDE9744CDC02F48F69B7F620CF800576E6F575F267)",Fp256 "(000C7DABCBC4F3315C8DD6282BBF9E7B0F7352D4B0C9CCB3FD2738512458D8F8)"
    



[DEBUG proof::groth::prover] 
    l_aux_acc: GroupAffine(x=Fp384 "(00748B448878CD0F1F6FDF4D13A8F9E17006156F4C6B904133CD951744300EB2ABCADD7A099EC79DA4F4B9BA1BE78D7C)", y=Fp384 "(000056275444ED721DB4750EB7E69AE50B993DD41C0D82203E088AA1B523A71628D1330A20336AF585A619AA0C00B4A3)"), 
    GroupAffine(x=Fp384 "(0096433176607641CE98538EFBD29C4FF8B7E5FC766776E28C98CFD1539254E5BA613B3F1A93807FE2E1B746C3453AED)", y=Fp384 "(01A159F764DDAD3E5F8EF96210ED5B72EA9CDC66529A49652B1EC081D53E0E3025264A85302355C66CA9EAF03B8EF84E)") (shared)
    
[DEBUG proof::groth::prover] 
    l_aux_acc: GroupAffine(x=Fp384 "(0099CE3D2EA97FD79D9F241851F22D4D3F472290C43882AB96D8C2B5C3FC0BAC97CB5158BBF71407ABD1607A066F1CFE)", y=Fp384 "(0109E17981CB413C839C02AF0ECAEFAEAB71553FA6C27A64A28D488D7B09ECAE3B55569919C445FD26F3728A2BC44BB0)"), 
    GroupAffine(x=Fp384 "(00748B448878CD0F1F6FDF4D13A8F9E17006156F4C6B904133CD951744300EB2ABCADD7A099EC79DA4F4B9BA1BE78D7C)", y=Fp384 "(000056275444ED721DB4750EB7E69AE50B993DD41C0D82203E088AA1B523A71628D1330A20336AF585A619AA0C00B4A3)") (shared)
    
[DEBUG proof::groth::prover] 
    l_aux_acc: GroupAffine(x=Fp384 "(0096433176607641CE98538EFBD29C4FF8B7E5FC766776E28C98CFD1539254E5BA613B3F1A93807FE2E1B746C3453AED)", y=Fp384 "(01A159F764DDAD3E5F8EF96210ED5B72EA9CDC66529A49652B1EC081D53E0E3025264A85302355C66CA9EAF03B8EF84E)"), 
    GroupAffine(x=Fp384 "(0099CE3D2EA97FD79D9F241851F22D4D3F472290C43882AB96D8C2B5C3FC0BAC97CB5158BBF71407ABD1607A066F1CFE)", y=Fp384 "(0109E17981CB413C839C02AF0ECAEFAEAB71553FA6C27A64A28D488D7B09ECAE3B55569919C445FD26F3728A2BC44BB0)") (shared)


      
[DEBUG proof::groth::prover] 
r_g1: GroupAffine(x=Fp384 "(0033D2E744E162B35F46C46E7FA47783EA19D4B23AA632A04CF85BCF0C0AA4139D56E1FE990967610DCF8B42BD447737)", y=Fp384 "(015737C4117466D73734ED3DC09E6AF3403E5F867B2569FE9B86125EA12C21D6FABBFC5A690D3198B2D07E4F9261A98B)"), 
GroupAffine(x=Fp384 "(00331399A41B005F1AC32B159FDA6B083228A8F77F29AB8C6C4AB153827F63502E38DED4E801AEB468439C696017013D)", y=Fp384 "(0106F21FC8FB1E384A0093FE510E4EAF6461AADACAD12C9E1E98EE34395CA9619DF217A688083F7E1CEC0D470641A18A)") (shared)

[DEBUG proof::groth::prover] 
r_g1: GroupAffine(x=Fp384 "(0033D2E744E162B35F46C46E7FA47783EA19D4B23AA632A04CF85BCF0C0AA4139D56E1FE990967610DCF8B42BD447737)", y=Fp384 "(015737C4117466D73734ED3DC09E6AF3403E5F867B2569FE9B86125EA12C21D6FABBFC5A690D3198B2D07E4F9261A98B)"),
GroupAffine(x=Fp384 "(00331399A41B005F1AC32B159FDA6B083228A8F77F29AB8C6C4AB153827F63502E38DED4E801AEB468439C696017013D)", y=Fp384 "(0106F21FC8FB1E384A0093FE510E4EAF6461AADACAD12C9E1E98EE34395CA9619DF217A688083F7E1CEC0D470641A18A)") (shared)

[DEBUG proof::groth::prover] 
r_g1: GroupAffine(x=Fp384 "(0033D2E744E162B35F46C46E7FA47783EA19D4B23AA632A04CF85BCF0C0AA4139D56E1FE990967610DCF8B42BD447737)", y=Fp384 "(015737C4117466D73734ED3DC09E6AF3403E5F867B2569FE9B86125EA12C21D6FABBFC5A690D3198B2D07E4F9261A98B)"), 
GroupAffine(x=Fp384 "(00331399A41B005F1AC32B159FDA6B083228A8F77F29AB8C6C4AB153827F63502E38DED4E801AEB468439C696017013D)", y=Fp384 "(0106F21FC8FB1E384A0093FE510E4EAF6461AADACAD12C9E1E98EE34395CA9619DF217A688083F7E1CEC0D470641A18A)") (shared)

[DEBUG proof::groth::prover] 
    r_s_delta_g1: GroupAffine(x=Fp384 "(00EC569D707A16B45B05B2DDC3DBD52C5215C849720073E9825790F50A72D3CDCDF5CEDB3746FD13F3D49763DF7BEB49)", y=Fp384 "(015455F7A11253B728997AE5E82A9BC891EE4E5F08FA18D93EE8EA721EB709AC6F2A6A7DC5B3B4221C12E8C96A360243)"), 
    GroupAffine(x=Fp384 "(00EC569D707A16B45B05B2DDC3DBD52C5215C849720073E9825790F50A72D3CDCDF5CEDB3746FD13F3D49763DF7BEB49)", y=Fp384 "(015455F7A11253B728997AE5E82A9BC891EE4E5F08FA18D93EE8EA721EB709AC6F2A6A7DC5B3B4221C12E8C96A360243)") (shared)
    
[DEBUG proof::groth::prover] 
    r_s_delta_g1: GroupAffine(x=Fp384 "(00EC569D707A16B45B05B2DDC3DBD52C5215C849720073E9825790F50A72D3CDCDF5CEDB3746FD13F3D49763DF7BEB49)", y=Fp384 "(015455F7A11253B728997AE5E82A9BC891EE4E5F08FA18D93EE8EA721EB709AC6F2A6A7DC5B3B4221C12E8C96A360243)"), 
    GroupAffine(x=Fp384 "(00EC569D707A16B45B05B2DDC3DBD52C5215C849720073E9825790F50A72D3CDCDF5CEDB3746FD13F3D49763DF7BEB49)", y=Fp384 "(015455F7A11253B728997AE5E82A9BC891EE4E5F08FA18D93EE8EA721EB709AC6F2A6A7DC5B3B4221C12E8C96A360243)") (shared)
    
[DEBUG proof::groth::prover] 
    r_s_delta_g1: GroupAffine(x=Fp384 "(00EC569D707A16B45B05B2DDC3DBD52C5215C849720073E9825790F50A72D3CDCDF5CEDB3746FD13F3D49763DF7BEB49)", y=Fp384 "(015455F7A11253B728997AE5E82A9BC891EE4E5F08FA18D93EE8EA721EB709AC6F2A6A7DC5B3B4221C12E8C96A360243)"), 
    GroupAffine(x=Fp384 "(00EC569D707A16B45B05B2DDC3DBD52C5215C849720073E9825790F50A72D3CDCDF5CEDB3746FD13F3D49763DF7BEB49)", y=Fp384 "(015455F7A11253B728997AE5E82A9BC891EE4E5F08FA18D93EE8EA721EB709AC6F2A6A7DC5B3B4221C12E8C96A360243)") (shared)

    [DEBUG proof::squarings::groth] proof
    : Proof { a: MpcG1Affine { val: Shared(GroupAffine { x: Fp384(BigInteger384([10299957042454793326, 3446586347961879576, 4515689338240146088, 5793752980585082864, 12941649039101016441, 85898069654042388])), y: Fp384(BigInteger384([13825866128710476800, 15240998226792894478, 2658816848503155143, 15732049891837929141, 13272328659277212270, 117436499985293388])), infinity: false },
        GroupAffine { x: Fp384(BigInteger384([17891376704641008512, 2855265529039433688, 11916295673481683700, 9599340367540433528, 9484854890392269785, 6348620126978457])), y: Fp384(BigInteger384([8748162426819469696, 14614964095893069214, 6677003843159469630, 5394217647481683957, 9017296440124100143, 89670402643171679])), infinity: false }) }, 
     b: MpcG2Affine { val: Shared(GroupAffine { x: QuadExtField { c0: Fp384(BigInteger384([8604076714899043714, 9184665846631802702, 10152893936318348889, 7153904892587035133, 9164018814874707651, 17169447044600512])), c1: Fp384(BigInteger384([1801709446999493882, 14384235041310974448, 9151073460245352329, 239844860539895250, 9053952611043132955, 117345130539128303])) }, y: QuadExtField { c0: Fp384(BigInteger384([5261780126371445636, 3833427448450299026, 6630113252800826187, 13245496679575314266, 13145225591694656340, 116905835377266786])), c1: Fp384(BigInteger384([12909631863920402141, 13268350706857120775, 12805981125965582656, 10931740858528916020, 16414446308371300999, 14814938847598814])) }, infinity: false }, 
        GroupAffine { x: QuadExtField { c0: Fp384(BigInteger384([4517742084353783082, 3051044013683324456, 896657264238373079, 2509857032746150884, 2112840825290228725, 27337602086019070])), c1: Fp384(BigInteger384([13110464853365917513, 6724562291974796649, 5907677685839284578, 1935826775660569827, 4458365566349605403, 88662321922581244])) }, y: QuadExtField { c0: Fp384(BigInteger384([4841560948876901646, 17054415686355104151, 3998578871927682850, 1141883020758764984, 11881427095616575811, 99498356882674572])), c1: Fp384(BigInteger384([704891726369659561, 1129126384639750581, 336873443249170082, 6518975106748942424, 728363356349524689, 88843023220597264])) }, infinity: false }) }, 
     c: MpcG1Affine { val: Shared(GroupAffine { x: Fp384(BigInteger384([15241313529416993202, 13945623026998017973, 15087376806336567459, 14656966672953880924, 1691131113641083899, 89152920948832589])), y: Fp384(BigInteger384([7445506559798033931, 14940694288200920047, 1739408542995184324, 15498411406459288393, 1631978871024613345, 7968605654138788])), infinity: false }, 
        GroupAffine { x: Fp384(BigInteger384([10740561029151805336, 4941155817427369224, 9875789814224760734, 17412883963531253317, 15196682731460097995, 57080679585099213])), y: Fp384(BigInteger384([6479804288233956294, 9013586035368792726, 11334935846177629845, 3109399938257564342, 16926355834167630284, 90509238230077486])), infinity: false }) } }
    
[DEBUG proof::squarings::groth] proof
    : Proof { a: MpcG1Affine { val: Shared(GroupAffine { x: Fp384(BigInteger384([4441437867714274489, 9560888763380366321, 7719508458530777947, 14157380863552880537, 4433896185708219650, 40047121922258210])), y: Fp384(BigInteger384([9759386794892032295, 6115237876834490005, 8091590504941181198, 10361913231649668192, 13556488572687496877, 81995752278870297])), infinity: false }, GroupAffine { x: Fp384(BigInteger384([11147910673015387321, 9552973006206356986, 6193858458021328766, 4559521865818601186, 735141592683973961, 30630031783692746])), y: Fp384(BigInteger384([1580914189729033955, 6708189713127664075, 1603482069034925907, 7282429779073978241, 2625624875384529242, 68527722305166304])), infinity: false }) }, b: MpcG2Affine { val: Shared(GroupAffine { x: QuadExtField { c0: Fp384(BigInteger384([13129919761409241964, 1730343241027958050, 654345118576992, 11305757689516006531, 12029340477594029671, 84219734282778286])), c1: Fp384(BigInteger384([9888594255733289893, 15611592347572019770, 8852819839112885546, 4869563379236016850, 9844128424363368492, 36437472037685708])) }, y: QuadExtField { c0: Fp384(BigInteger384([759905562514925197, 17143705285540270475, 1469241956836789519, 12534397149445885501, 7810383142322513863, 66838346388363952])), c1: Fp384(BigInteger384([1909591663011330050, 7058161613474862685, 12568255898225647519, 15390216199031959755, 8640360289904236003, 36261556601272944])) }, infinity: false }, GroupAffine { x: QuadExtField { c0: Fp384(BigInteger384([156576671381938026, 14666375609207824995, 16785994844785328665, 14041705509815531905, 14681830615315693912, 24786243307624283])), c1: Fp384(BigInteger384([7192653477902313601, 11636821537717200520, 13392543258786697495, 2054420277661145405, 16231670327066251062, 72786585908806669])) }, y: QuadExtField { c0: Fp384(BigInteger384([9433623518770046320, 1902816609101353453, 8038726405405170814, 2405800066522300552, 3526247551625918975, 26855730322637120])), c1: Fp384(BigInteger384([9972177651566764830, 16756246399047895264, 14883524499145086844, 6587927324592071651, 2745029695917749921, 5930323087214404])) }, infinity: false }) }, c: MpcG1Affine { val: Shared(GroupAffine { x: Fp384(BigInteger384([5389677657601972031, 2648145998364825759, 2372631582901754106, 2944513233828586888, 6030193218937331209, 1204843258971759])), y: Fp384(BigInteger384([17268853322102754002, 4779038155408708079, 3002241952098152266, 3461243906440882331, 10198422108596563684, 55340289654164888])), infinity: false }, GroupAffine { x: Fp384(BigInteger384([15241313529416993202, 13945623026998017973, 15087376806336567459, 14656966672953880924, 1691131113641083899, 89152920948832589])), y: Fp384(BigInteger384([7445506559798033931, 14940694288200920047, 1739408542995184324, 15498411406459288393, 1631978871024613345, 7968605654138788])), infinity: false }) } }
    
[DEBUG proof::squarings::groth] proof
    : Proof { a: MpcG1Affine { val: Shared(GroupAffine { x: Fp384(BigInteger384([9178739307170977126, 750980869397447302, 9061655272169166569, 11836238930897203929, 6920015099569960310, 108093204425136135])), y: Fp384(BigInteger384([15473739045042429235, 15007908598975661367, 10183732206665389235, 14557976044534176284, 4096419521525106722, 78174593765873532])), infinity: false }, GroupAffine { x: Fp384(BigInteger384([15636794434836339718, 5257081888994508410, 9917447435159612551, 9069705361456535044, 6145868413232268226, 102061347838691057])), y: Fp384(BigInteger384([3108644634842599183, 17239643606272007017, 15864573135100775193, 2185511540694199187, 998560761269094974, 92136013452288157])), infinity: false }) }, b: MpcG2Affine { val: Shared(GroupAffine { x: QuadExtField { c0: Fp384(BigInteger384([9542134366931106231, 58562359587750124, 13483773479252629592, 630615422124692847, 13760265908040696696, 100321948917071029])), c1: Fp384(BigInteger384([11496914714006392035, 3721436640594012498, 7703679291342080229, 17209841043850344470, 1983260755446141617, 106244302509795123])) }, y: QuadExtField { c0: Fp384(BigInteger384([16119716645879565606, 9001950198183751030, 12503294970585694815, 5237041985721077368, 5309787815779159237, 100739745388836295])), c1: Fp384(BigInteger384([11310121734967981992, 10909333908223421996, 2862456555919465425, 14596327572634271718, 18180931381997538851, 102949605508932483])) }, infinity: false }, GroupAffine { x: QuadExtField { c0: Fp384(BigInteger384([4569359836222704975, 10819470039604183195, 14112587798497545271, 4417436321346230724, 17355354362893034650, 19905007338882097])), c1: Fp384(BigInteger384([4523398000647571134, 17964915818874220918, 7078798476601485145, 13084872295007640950, 3050727151852354483, 109091771761349062])) }, y: QuadExtField { c0: Fp384(BigInteger384([14128753525896766735, 15811873536139832612, 5167583820241984961, 9794452455330765365, 16434466426815760880, 31661299105019312])), c1: Fp384(BigInteger384([15507121206235181438, 15568428382266417428, 12908631774716136389, 1046365001223386523, 14153795761474276835, 14802469675869225])) }, infinity: false }) }, c: MpcG1Affine { val: Shared(GroupAffine { x: Fp384(BigInteger384([10740561029151805336, 4941155817427369224, 9875789814224760734, 17412883963531253317, 15196682731460097995, 57080679585099213])), y: Fp384(BigInteger384([6479804288233956294, 9013586035368792726, 11334935846177629845, 3109399938257564342, 16926355834167630284, 90509238230077486])), infinity: false }, GroupAffine { x: Fp384(BigInteger384([5389677657601972031, 2648145998364825759, 2372631582901754106, 2944513233828586888, 6030193218937331209, 1204843258971759])), y: Fp384(BigInteger384([17268853322102754002, 4779038155408708079, 3002241952098152266, 3461243906440882331, 10198422108596563684, 55340289654164888])), infinity: false }) } }
    
[DEBUG proof::groth::prover] 
    g_a: GroupAffine(x=Fp384 "(001EB2D934BAD8683406BB85E0EB20A6062DE17462D6885132CE7413D4AC9296419B68DE83588FCF46C23C0D5D094697)", y=Fp384 "(018C141B3FBDCB3B156A33ED4C5305CE505B3FFC9EE3F02D38433A20AEB15EEDF931187820AC4902830ADB3ECDFEA742)"), 
    GroupAffine(x=Fp384 "(019D916233C619D5DE8B74A157860D0FAACF82715A4AE07203CAE7975C4A675700090FC6D3668575FBB4C8FF975CBA32)", y=Fp384 "(0185BA1FD2BB9DF3B8B6BD45CB54A40154F62D38AE0BE809BE456B1731843EAB5E82337E84E20D57EE6A4D61191F4B75)") (shared)
    
[DEBUG proof::groth::prover] 
    g_a: GroupAffine(x=Fp384 "(000E45AA73ABB87EA7BFC61061B717D41AB7C1749563AB652986B128E32412043E22D8C8E4538A8472800032CCAB4294)", y=Fp384 "(001F387EB50E4F3705D04280BB56A0F4921590E2CC0423ACC7FCDD60DE35C9D0E9B96D1B2CB4438D887EAE93694C6B5B)"), 
    GroupAffine(x=Fp384 "(012459E5A648DFAFE827B83E38155DC089BE7AA3998BABC88A8340D1C3728EA34F8233FE800F571D7BAC444D362B27C3)", y=Fp384 "(007FFDB8051027D6B05B9193CFF778DCA0D615A135F78D634ED3EEA66B35D70CAA76535A35C5B4756F677E9678693E8B)") (shared)
    
[DEBUG proof::groth::prover] 
    g_a: GroupAffine(x=Fp384 "(01028A3A8A5B81D351D662C710758D8C1CAB2ACD4B57F991C50B2528FB96F5F69C81A1D461D1BC93D05AC5D84AA7BC65)", y=Fp384 "(004BF6B81B97F471B22EAF7CB825A57E16A0E32534330A3241058508AD0E4AC8CCD5AE1FB4DD956E2B7360A12A25F142)"), 
    GroupAffine(x=Fp384 "(00EB1D5E852B0A7E6E33015A2F84D841BEBD50B3B95066E53DDD7E45FC8C27D937ABC6126F27DB7B051E0B238BE1ECB4)", y=Fp384 "(017C4DA7B60933128E319D1D84914501D5CB888F65C6B253F7E99B6720C53B5E81D5098E6D62BA78D7635542283FA9BD)") (shared)

    [DEBUG proof::groth::prover] in calculate_coeff, acc: GroupAffine(x=Fp384 "(0066547C5095180575B7EC63B3C18CB81836F7391D487E6160AAFB4D87738C21B37831A5BFF7FD4FAF786791CA01B5B1)", y=Fp384 "(00F550F670D7E3F4F5E38F7F83D245D6CD24B5C7938DC166C9F9967AC16C9F37AC0F6B8AAE127ED77064865542025B27)"), 

[DEBUG proof::groth::prover] 
    in calculate_coeff, acc: GroupAffine(x=Fp384 "(019BA16F18687D9F463E97769220730A525A0E13E705B6AFC4AD08354B1333BAA8C82E23F54B6700A3E94F5713E741E9)", y=Fp384 "(00E58818542914A3A8078DE5452FAC20C26581D718455FD8C9DD05F351E5B659BD9196A13AA4D4792447E13B4E41B947)"), 
                            GroupAffine(x=Fp384 "(0066547C5095180575B7EC63B3C18CB81836F7391D487E6160AAFB4D87738C21B37831A5BFF7FD4FAF786791CA01B5B1)", y=Fp384 "(00F550F670D7E3F4F5E38F7F83D245D6CD24B5C7938DC166C9F9967AC16C9F37AC0F6B8AAE127ED77064865542025B27)") (shared)
[DEBUG proof::groth::prover] 
                        
    in calculate_coeff, acc: GroupAffine(x=Fp384 "(019326DE368325E819A76E762E38578A442AFAEAF9CE153E4E659F29DD9884F12EC727C63AC12DD1864DB3561A28D3D9)", y=Fp384 "(0179C800D75ECF76224099C38FFB93A396095DE2FB667F089C426780594C63296B731A7BB8A0E94670F4D096F2E1D368)"), 
                            GroupAffine(x=Fp384 "(019BA16F18687D9F463E97769220730A525A0E13E705B6AFC4AD08354B1333BAA8C82E23F54B6700A3E94F5713E741E9)", y=Fp384 "(00E58818542914A3A8078DE5452FAC20C26581D718455FD8C9DD05F351E5B659BD9196A13AA4D4792447E13B4E41B947)") (shared)
[DEBUG proof::groth::prover] 
                        
    in calculate_coeff, acc: GroupAffine(x=Fp384 "(0066547C5095180575B7EC63B3C18CB81836F7391D487E6160AAFB4D87738C21B37831A5BFF7FD4FAF786791CA01B5B1)", y=Fp384 "(00F550F670D7E3F4F5E38F7F83D245D6CD24B5C7938DC166C9F9967AC16C9F37AC0F6B8AAE127ED77064865542025B27)"), 
                            GroupAffine(x=Fp384 "(019326DE368325E819A76E762E38578A442AFAEAF9CE153E4E659F29DD9884F12EC727C63AC12DD1864DB3561A28D3D9)", y=Fp384 "(0179C800D75ECF76224099C38FFB93A396095DE2FB667F089C426780594C63296B731A7BB8A0E94670F4D096F2E1D368)") (shared)
  
[DEBUG proof::groth::prover] 
    in calculate_coeff, res1: GroupAffine(x=Fp384 "(01065326052D88419DA421DA2795FEFAC056C20883E0531FD4AFD0C63FA25AFC6BCE6C550B908C726ADCA26186C1BA96)", y=Fp384 "(0128FD27DD01A036D494FA151F20BC4890596DF02E657CA2FE7F72AAA393D3E23D5A4BD8A2A7743EFE65CC8C10FBB1B4)"), 
                            GroupAffine(x=Fp384 "(00331399A41B005F1AC32B159FDA6B083228A8F77F29AB8C6C4AB153827F63502E38DED4E801AEB468439C696017013D)", y=Fp384 "(0106F21FC8FB1E384A0093FE510E4EAF6461AADACAD12C9E1E98EE34395CA9619DF217A688083F7E1CEC0D470641A18A)") (shared)
[DEBUG proof::groth::prover] 

    in calculate_coeff, res1: GroupAffine(x=Fp384 "(0033D2E744E162B35F46C46E7FA47783EA19D4B23AA632A04CF85BCF0C0AA4139D56E1FE990967610DCF8B42BD447737)", y=Fp384 "(015737C4117466D73734ED3DC09E6AF3403E5F867B2569FE9B86125EA12C21D6FABBFC5A690D3198B2D07E4F9261A98B)"), 
                            GroupAffine(x=Fp384 "(014D6A0105AAC5B59004EF75717D025172467FBD8D83E31A0848FDDBC1A65E277479973809E7E870527A06964527E652)", y=Fp384 "(00F85BCC0DAD3AC65AF1FEA2227EBBC6B1D47C879FDAD0D7FAF3B26764858E790804B2A49F8C22549D51D99D956BE745)") (shared)
[DEBUG proof::groth::prover] 

    in calculate_coeff, res1: GroupAffine(x=Fp384 "(0033D2E744E162B35F46C46E7FA47783EA19D4B23AA632A04CF85BCF0C0AA4139D56E1FE990967610DCF8B42BD447737)", y=Fp384 "(015737C4117466D73734ED3DC09E6AF3403E5F867B2569FE9B86125EA12C21D6FABBFC5A690D3198B2D07E4F9261A98B)"), 
                            GroupAffine(x=Fp384 "(00331399A41B005F1AC32B159FDA6B083228A8F77F29AB8C6C4AB153827F63502E38DED4E801AEB468439C696017013D)", y=Fp384 "(0106F21FC8FB1E384A0093FE510E4EAF6461AADACAD12C9E1E98EE34395CA9619DF217A688083F7E1CEC0D470641A18A)") (shared)
    

[DEBUG proof::groth::prover] 

    in calculate_coeff, res2: GroupAffine(x=Fp384 "(001EB2D934BAD8683406BB85E0EB20A6062DE17462D6885132CE7413D4AC9296419B68DE83588FCF46C23C0D5D094697)", y=Fp384 "(018C141B3FBDCB3B156A33ED4C5305CE505B3FFC9EE3F02D38433A20AEB15EEDF931187820AC4902830ADB3ECDFEA742)"), 
                            GroupAffine(x=Fp384 "(019D916233C619D5DE8B74A157860D0FAACF82715A4AE07203CAE7975C4A675700090FC6D3668575FBB4C8FF975CBA32)", y=Fp384 "(0185BA1FD2BB9DF3B8B6BD45CB54A40154F62D38AE0BE809BE456B1731843EAB5E82337E84E20D57EE6A4D61191F4B75)") (shared)
[DEBUG proof::groth::prover] 

    in calculate_coeff, res2: GroupAffine(x=Fp384 "(000E45AA73ABB87EA7BFC61061B717D41AB7C1749563AB652986B128E32412043E22D8C8E4538A8472800032CCAB4294)", y=Fp384 "(001F387EB50E4F3705D04280BB56A0F4921590E2CC0423ACC7FCDD60DE35C9D0E9B96D1B2CB4438D887EAE93694C6B5B)"), 
                            GroupAffine(x=Fp384 "(012459E5A648DFAFE827B83E38155DC089BE7AA3998BABC88A8340D1C3728EA34F8233FE800F571D7BAC444D362B27C3)", y=Fp384 "(007FFDB8051027D6B05B9193CFF778DCA0D615A135F78D634ED3EEA66B35D70CAA76535A35C5B4756F677E9678693E8B)") (shared)
[DEBUG proof::groth::prover] 

    in calculate_coeff, res2: GroupAffine(x=Fp384 "(01028A3A8A5B81D351D662C710758D8C1CAB2ACD4B57F991C50B2528FB96F5F69C81A1D461D1BC93D05AC5D84AA7BC65)", y=Fp384 "(004BF6B81B97F471B22EAF7CB825A57E16A0E32534330A3241058508AD0E4AC8CCD5AE1FB4DD956E2B7360A12A25F142)"), 
                            GroupAffine(x=Fp384 "(00EB1D5E852B0A7E6E33015A2F84D841BEBD50B3B95066E53DDD7E45FC8C27D937ABC6126F27DB7B051E0B238BE1ECB4)", y=Fp384 "(017C4DA7B60933128E319D1D84914501D5CB888F65C6B253F7E99B6720C53B5E81D5098E6D62BA78D7635542283FA9BD)") (shared)
    
[DEBUG proof::groth::prover] 
    g_a: GroupAffine(x=Fp384 "(001EB2D934BAD8683406BB85E0EB20A6062DE17462D6885132CE7413D4AC9296419B68DE83588FCF46C23C0D5D094697)", y=Fp384 "(018C141B3FBDCB3B156A33ED4C5305CE505B3FFC9EE3F02D38433A20AEB15EEDF931187820AC4902830ADB3ECDFEA742)"), 
        GroupAffine(x=Fp384 "(019D916233C619D5DE8B74A157860D0FAACF82715A4AE07203CAE7975C4A675700090FC6D3668575FBB4C8FF975CBA32)", y=Fp384 "(0185BA1FD2BB9DF3B8B6BD45CB54A40154F62D38AE0BE809BE456B1731843EAB5E82337E84E20D57EE6A4D61191F4B75)") (shared)
[DEBUG proof::groth::prover] 
    
    g_a: GroupAffine(x=Fp384 "(01028A3A8A5B81D351D662C710758D8C1CAB2ACD4B57F991C50B2528FB96F5F69C81A1D461D1BC93D05AC5D84AA7BC65)", y=Fp384 "(004BF6B81B97F471B22EAF7CB825A57E16A0E32534330A3241058508AD0E4AC8CCD5AE1FB4DD956E2B7360A12A25F142)"), 
        GroupAffine(x=Fp384 "(00EB1D5E852B0A7E6E33015A2F84D841BEBD50B3B95066E53DDD7E45FC8C27D937ABC6126F27DB7B051E0B238BE1ECB4)", y=Fp384 "(017C4DA7B60933128E319D1D84914501D5CB888F65C6B253F7E99B6720C53B5E81D5098E6D62BA78D7635542283FA9BD)") (shared)
[DEBUG proof::groth::prover] 
    
    g_a: GroupAffine(x=Fp384 "(000E45AA73ABB87EA7BFC61061B717D41AB7C1749563AB652986B128E32412043E22D8C8E4538A8472800032CCAB4294)", y=Fp384 "(001F387EB50E4F3705D04280BB56A0F4921590E2CC0423ACC7FCDD60DE35C9D0E9B96D1B2CB4438D887EAE93694C6B5B)"), 
        GroupAffine(x=Fp384 "(012459E5A648DFAFE827B83E38155DC089BE7AA3998BABC88A8340D1C3728EA34F8233FE800F571D7BAC444D362B27C3)", y=Fp384 "(007FFDB8051027D6B05B9193CFF778DCA0D615A135F78D634ED3EEA66B35D70CAA76535A35C5B4756F677E9678693E8B)") (shared)
    


Net::party_id(): 0
[DEBUG mpc_algebra::share::rss3] 
    a.val0: GroupAffine(x=Fp384 "(0033D2E744E162B35F46C46E7FA47783EA19D4B23AA632A04CF85BCF0C0AA4139D56E1FE990967610DCF8B42BD447737)", y=Fp384 "(015737C4117466D73734ED3DC09E6AF3403E5F867B2569FE9B86125EA12C21D6FABBFC5A690D3198B2D07E4F9261A98B)")
[DEBUG mpc_algebra::share::rss3] 
    a.val1: GroupAffine(x=Fp384 "(00331399A41B005F1AC32B159FDA6B083228A8F77F29AB8C6C4AB153827F63502E38DED4E801AEB468439C696017013D)", y=Fp384 "(0106F21FC8FB1E384A0093FE510E4EAF6461AADACAD12C9E1E98EE34395CA9619DF217A688083F7E1CEC0D470641A18A)")
Net::party_id(): 1
    [DEBUG mpc_algebra::share::rss3] 
        a.val0: GroupAffine(x=Fp384 "(0033D2E744E162B35F46C46E7FA47783EA19D4B23AA632A04CF85BCF0C0AA4139D56E1FE990967610DCF8B42BD447737)", y=Fp384 "(015737C4117466D73734ED3DC09E6AF3403E5F867B2569FE9B86125EA12C21D6FABBFC5A690D3198B2D07E4F9261A98B)")
    [DEBUG mpc_algebra::share::rss3] 
        a.val1: GroupAffine(x=Fp384 "(00331399A41B005F1AC32B159FDA6B083228A8F77F29AB8C6C4AB153827F63502E38DED4E801AEB468439C696017013D)", y=Fp384 "(0106F21FC8FB1E384A0093FE510E4EAF6461AADACAD12C9E1E98EE34395CA9619DF217A688083F7E1CEC0D470641A18A)")
    [DEBUG mpc_algebra::share::rss3] 
Net::party_id(): 2
[DEBUG mpc_algebra::share::rss3] 
    a.val0: GroupAffine(x=Fp384 "(0033D2E744E162B35F46C46E7FA47783EA19D4B23AA632A04CF85BCF0C0AA4139D56E1FE990967610DCF8B42BD447737)", y=Fp384 "(015737C4117466D73734ED3DC09E6AF3403E5F867B2569FE9B86125EA12C21D6FABBFC5A690D3198B2D07E4F9261A98B)")
[DEBUG mpc_algebra::share::rss3] 
    a.val1: GroupAffine(x=Fp384 "(00331399A41B005F1AC32B159FDA6B083228A8F77F29AB8C6C4AB153827F63502E38DED4E801AEB468439C696017013D)", y=Fp384 "(0106F21FC8FB1E384A0093FE510E4EAF6461AADACAD12C9E1E98EE34395CA9619DF217A688083F7E1CEC0D470641A18A)")
    [DEBUG mpc_algebra::share::rss3] 

0
[DEBUG mpc_algebra::share::rss3] 
    a.val0: GroupAffine(x=Fp384 "(01065326052D88419DA421DA2795FEFAC056C20883E0531FD4AFD0C63FA25AFC6BCE6C550B908C726ADCA26186C1BA96)", y=Fp384 "(0128FD27DD01A036D494FA151F20BC4890596DF02E657CA2FE7F72AAA393D3E23D5A4BD8A2A7743EFE65CC8C10FBB1B4)")
[DEBUG mpc_algebra::share::rss3] 
    a.val1: GroupAffine(x=Fp384 "(00331399A41B005F1AC32B159FDA6B083228A8F77F29AB8C6C4AB153827F63502E38DED4E801AEB468439C696017013D)", y=Fp384 "(0106F21FC8FB1E384A0093FE510E4EAF6461AADACAD12C9E1E98EE34395CA9619DF217A688083F7E1CEC0D470641A18A)")
1
a.val0: GroupAffine(x=Fp384 "(0033D2E744E162B35F46C46E7FA47783EA19D4B23AA632A04CF85BCF0C0AA4139D56E1FE990967610DCF8B42BD447737)", y=Fp384 "(015737C4117466D73734ED3DC09E6AF3403E5F867B2569FE9B86125EA12C21D6FABBFC5A690D3198B2D07E4F9261A98B)")
    [DEBUG mpc_algebra::share::rss3] 
        a.val1: GroupAffine(x=Fp384 "(014D6A0105AAC5B59004EF75717D025172467FBD8D83E31A0848FDDBC1A65E277479973809E7E870527A06964527E652)", y=Fp384 "(00F85BCC0DAD3AC65AF1FEA2227EBBC6B1D47C879FDAD0D7FAF3B26764858E790804B2A49F8C22549D51D99D956BE745)")
    [DEBUG proof::groth::prover] 
2
a.val0: GroupAffine(x=Fp384 "(0033D2E744E162B35F46C46E7FA47783EA19D4B23AA632A04CF85BCF0C0AA4139D56E1FE990967610DCF8B42BD447737)", y=Fp384 "(015737C4117466D73734ED3DC09E6AF3403E5F867B2569FE9B86125EA12C21D6FABBFC5A690D3198B2D07E4F9261A98B)")
[DEBUG mpc_algebra::share::rss3] 
    a.val1: GroupAffine(x=Fp384 "(00331399A41B005F1AC32B159FDA6B083228A8F77F29AB8C6C4AB153827F63502E38DED4E801AEB468439C696017013D)", y=Fp384 "(0106F21FC8FB1E384A0093FE510E4EAF6461AADACAD12C9E1E98EE34395CA9619DF217A688083F7E1CEC0D470641A18A)")


    Net::party_id(): 2
[DEBUG mpc_algebra::share::rss3] a(after): GroupAffine(x=Fp384 "(0033D2E744E162B35F46C46E7FA47783EA19D4B23AA632A04CF85BCF0C0AA4139D56E1FE990967610DCF8B42BD447737)", y=Fp384 "(015737C4117466D73734ED3DC09E6AF3403E5F867B2569FE9B86125EA12C21D6FABBFC5A690D3198B2D07E4F9261A98B)"), 
                                            roupAffine(x=Fp384 "(00331399A41B005F1AC32B159FDA6B083228A8F77F29AB8C6C4AB153827F63502E38DED4E801AEB468439C696017013D)", y=Fp384 "(0106F21FC8FB1E384A0093FE510E4EAF6461AADACAD12C9E1E98EE34395CA9619DF217A688083F7E1CEC0D470641A18A)")

Net::party_id(): 0
[DEBUG mpc_algebra::share::rss3] a(before): x0: GroupAffine(x=Fp384 "(0033D2E744E162B35F46C46E7FA47783EA19D4B23AA632A04CF85BCF0C0AA4139D56E1FE990967610DCF8B42BD447737)", y=Fp384 "(015737C4117466D73734ED3DC09E6AF3403E5F867B2569FE9B86125EA12C21D6FABBFC5A690D3198B2D07E4F9261A98B)")
                                            x2: GroupAffine(x=Fp384 "(00331399A41B005F1AC32B159FDA6B083228A8F77F29AB8C6C4AB153827F63502E38DED4E801AEB468439C696017013D)", y=Fp384 "(0106F21FC8FB1E384A0093FE510E4EAF6461AADACAD12C9E1E98EE34395CA9619DF217A688083F7E1CEC0D470641A18A)")

[DEBUG mpc_algebra::share::rss3] a(before): x1: GroupAffine(x=Fp384 "(0033D2E744E162B35F46C46E7FA47783EA19D4B23AA632A04CF85BCF0C0AA4139D56E1FE990967610DCF8B42BD447737)", y=Fp384 "(015737C4117466D73734ED3DC09E6AF3403E5F867B2569FE9B86125EA12C21D6FABBFC5A690D3198B2D07E4F9261A98B)"),
                                            x0: GroupAffine(x=Fp384 "(00331399A41B005F1AC32B159FDA6B083228A8F77F29AB8C6C4AB153827F63502E38DED4E801AEB468439C696017013D)", y=Fp384 "(0106F21FC8FB1E384A0093FE510E4EAF6461AADACAD12C9E1E98EE34395CA9619DF217A688083F7E1CEC0D470641A18A)")

[DEBUG mpc_algebra::share::rss3] a(before): x2: GroupAffine(x=Fp384 "(0033D2E744E162B35F46C46E7FA47783EA19D4B23AA632A04CF85BCF0C0AA4139D56E1FE990967610DCF8B42BD447737)", y=Fp384 "(015737C4117466D73734ED3DC09E6AF3403E5F867B2569FE9B86125EA12C21D6FABBFC5A690D3198B2D07E4F9261A98B)"),
                                            x1: GroupAffine(x=Fp384 "(00331399A41B005F1AC32B159FDA6B083228A8F77F29AB8C6C4AB153827F63502E38DED4E801AEB468439C696017013D)", y=Fp384 "(0106F21FC8FB1E384A0093FE510E4EAF6461AADACAD12C9E1E98EE34395CA9619DF217A688083F7E1CEC0D470641A18A)")



[DEBUG mpc_algebra::share::rss3] a(after): GroupAffine(x=Fp384 "(01065326052D88419DA421DA2795FEFAC056C20883E0531FD4AFD0C63FA25AFC6BCE6C550B908C726ADCA26186C1BA96)", y=Fp384 "(0128FD27DD01A036D494FA151F20BC4890596DF02E657CA2FE7F72AAA393D3E23D5A4BD8A2A7743EFE65CC8C10FBB1B4)"),
                                           GroupAffine(x=Fp384 "(00331399A41B005F1AC32B159FDA6B083228A8F77F29AB8C6C4AB153827F63502E38DED4E801AEB468439C696017013D)", y=Fp384 "(0106F21FC8FB1E384A0093FE510E4EAF6461AADACAD12C9E1E98EE34395CA9619DF217A688083F7E1CEC0D470641A18A)")

 Net::party_id(): 1
[DEBUG mpc_algebra::share::rss3] a(after): GroupAffine(x=Fp384 "(0033D2E744E162B35F46C46E7FA47783EA19D4B23AA632A04CF85BCF0C0AA4139D56E1FE990967610DCF8B42BD447737)", y=Fp384 "(015737C4117466D73734ED3DC09E6AF3403E5F867B2569FE9B86125EA12C21D6FABBFC5A690D3198B2D07E4F9261A98B)"), 
                                           GroupAffine(x=Fp384 "(014D6A0105AAC5B59004EF75717D025172467FBD8D83E31A0848FDDBC1A65E277479973809E7E870527A06964527E652)", y=Fp384 "(00F85BCC0DAD3AC65AF1FEA2227EBBC6B1D47C879FDAD0D7FAF3B26764858E790804B2A49F8C22549D51D99D956BE745)")