w_poly_evals: [Public(Fp256(BigInteger256([0, 0, 0, 0]))), 
Shared(Fp256(BigInteger256([5771783366893788156, 8410901253699297286, 1021061850673576718, 859798272686266470])),   
       Fp256(BigInteger256([14889142166538409809, 12957759317096808597, 423689441367940055, 613361713866932039]))), Shared(Fp256(BigInteger256([14172314159118804779, 11114021938823000040, 14195639474486079330, 897525059782513280])), Fp256(BigInteger256([12710167458900100315, 8927123313951205849, 13472595964257501969, 1004848186003264005]))), Shared(Fp256(BigInteger256([4446713993762407149, 17560841925911338880, 9581816972146244472, 546497114671683284])), Fp256(BigInteger256([12210779135577905523, 72520628828222335, 1203824544611485405, 726451118733578122]))), Public(Fp256(BigInteger256([0, 0, 0, 0]))), Shared(Fp256(BigInteger256([13165117900980248283, 3616835850197212995, 3677691082043070897, 1095520911610948189])), Fp256(BigInteger256([4102209962211461630, 5395183165244942809, 12702435214941585357, 127854153648309423]))), Shared(Fp256(BigInteger256([9742985045018442967, 6722395302262521274, 12748299360969461980, 573274236383866823])), Fp256(BigInteger256([7737948857555723783, 4664924395443721368, 14364224225688175882, 444919653574150328]))), Public(Fp256(BigInteger256([3400202612259130355, 2556035066439795306, 9106005361338264790, 469903200557622612])))]

w_poly_evals: [Public(Fp256(BigInteger256([0, 0, 0, 0]))), 
Shared(Fp256(BigInteger256([14889142166538409809, 12957759317096808597, 423689441367940055, 613361713866932039])),  
       Fp256(BigInteger256([16816489775599358734, 6676154294072372578, 10833580284765513941, 386733535997680217]))), Shared(Fp256(BigInteger256([12710167458900100315, 8927123313951205849, 13472595964257501969, 1004848186003264005])), Fp256(BigInteger256([11258714467921648660, 9698843475131970327, 15750920271201560043, 317048803581758546]))), Shared(Fp256(BigInteger256([12210779135577905523, 72520628828222335, 1203824544611485405, 726451118733578122])), Fp256(BigInteger256([9319341364594575636, 12042570725889931618, 6332201080993367515, 1145031906409307235]))), Public(Fp256(BigInteger256([0, 0, 0, 0]))), Shared(Fp256(BigInteger256([4102209962211461630, 5395183165244942809, 12702435214941585357, 127854153648309423])), Fp256(BigInteger256([3342136737805380403, 11998051424128630974, 10575960576626263660, 1318980199347248480]))), Shared(Fp256(BigInteger256([7737948857555723783, 4664924395443721368, 14364224225688175882, 444919653574150328])), Fp256(BigInteger256([18384542017730015924, 5760322971318089621, 1871300410587634618, 1076607513155858954]))), Public(Fp256(BigInteger256([3400202612259130355, 2556035066439795306, 9106005361338264790, 469903200557622612])))]

w_poly_evals: [Public(Fp256(BigInteger256([0, 0, 0, 0]))), 
Shared(Fp256(BigInteger256([16816489775599358734, 6676154294072372578, 10833580284765513941, 386733535997680217])), 
       Fp256(BigInteger256([5771783366893788156, 8410901253699297286, 1021061850673576718, 859798272686266470]))), Shared(Fp256(BigInteger256([11258714467921648660, 9698843475131970327, 15750920271201560043, 317048803581758546])), Fp256(BigInteger256([14172314159118804779, 11114021938823000040, 14195639474486079330, 897525059782513280]))), Shared(Fp256(BigInteger256([9319341364594575636, 12042570725889931618, 6332201080993367515, 1145031906409307235])), Fp256(BigInteger256([4446713993762407149, 17560841925911338880, 9581816972146244472, 546497114671683284]))), Public(Fp256(BigInteger256([0, 0, 0, 0]))), Shared(Fp256(BigInteger256([3342136737805380403, 11998051424128630974, 10575960576626263660, 1318980199347248480])), Fp256(BigInteger256([13165117900980248283, 3616835850197212995, 3677691082043070897, 1095520911610948189]))), Shared(Fp256(BigInteger256([18384542017730015924, 5760322971318089621, 1871300410587634618, 1076607513155858954])), Fp256(BigInteger256([9742985045018442967, 6722395302262521274, 12748299360969461980, 573274236383866823]))), Public(Fp256(BigInteger256([3400202612259130355, 2556035066439795306, 9106005361338264790, 469903200557622612])))]

[DEBUG ark_marlin::ahp::prover] witness_assignment1[0]: Shared(Fp256(BigInteger256([9095242066956479515, 14649009135231649513, 16131124177169521201, 491151269739119402])), 
Fp256(BigInteger256([16816489775599358734, 6676154294072372578, 10833580284765513941, 386733535997680217])))
    
[DEBUG ark_marlin::ahp::prover] witness_assignment1[0]: Shared(Fp256(BigInteger256([5771783366893788156, 8410901253699297286, 1021061850673576718, 859798272686266470])), 
Fp256(BigInteger256([9095242066956479515, 14649009135231649513, 16131124177169521201, 491151269739119402])))
    
[DEBUG ark_marlin::ahp::prover] witness_assignment1[0]: Shared(Fp256(BigInteger256([16816489775599358734, 6676154294072372578, 10833580284765513941, 386733535997680217])), 
Fp256(BigInteger256([5771783366893788156, 8410901253699297286, 1021061850673576718, 859798272686266470])))


[DEBUG ark_marlin::ahp::prover] witness_assignment0: 
[Shared(Fp256(BigInteger256([5771783366893788156, 8410901253699297286, 1021061850673576718, 859798272686266470])), 
    Fp256(BigInteger256([9095242066956479515, 14649009135231649513, 16131124177169521201, 491151269739119402]))), 
Shared(Fp256(BigInteger256([14172314159118804779, 11114021938823000040, 14195639474486079330, 897525059782513280])), 
    Fp256(BigInteger256([7567827890627882191, 8273608966381630840, 14182519176229149849, 658059595836173550]))), 
Shared(Fp256(BigInteger256([4446713993762407149, 17560841925911338880, 9581816972146244472, 546497114671683284])), 
    Fp256(BigInteger256([1653069975307039710, 3540897735786550675, 9449715747346012032, 1131274336487005520]))), 
Shared(Fp256(BigInteger256([13165117900980248283, 3616835850197212995, 3677691082043070897, 1095520911610948189])), 
    Fp256(BigInteger256([14384942362972947372, 4616275387628634926, 14581630394245817664, 184984614971926845]))), 
Shared(Fp256(BigInteger256([9742985045018442967, 6722395302262521274, 12748299360969461980, 573274236383866823])), 
    Fp256(BigInteger256([17369120727007497355, 6230780783531829410, 12794186855112789839, 726628260937045569])))]
    
[DEBUG ark_marlin::ahp::prover] witness_assignment0: 
[Shared(Fp256(BigInteger256([16816489775599358734, 6676154294072372578, 10833580284765513941, 386733535997680217])), 
    Fp256(BigInteger256([5771783366893788156, 8410901253699297286, 1021061850673576718, 859798272686266470]))), 
Shared(Fp256(BigInteger256([11258714467921648660, 9698843475131970327, 15750920271201560043, 317048803581758546])), 
    Fp256(BigInteger256([14172314159118804779, 11114021938823000040, 14195639474486079330, 897525059782513280]))), 
Shared(Fp256(BigInteger256([9319341364594575636, 12042570725889931618, 6332201080993367515, 1145031906409307235])), 
    Fp256(BigInteger256([4446713993762407149, 17560841925911338880, 9581816972146244472, 546497114671683284]))), 
Shared(Fp256(BigInteger256([3342136737805380403, 11998051424128630974, 10575960576626263660, 1318980199347248480])), 
    Fp256(BigInteger256([13165117900980248283, 3616835850197212995, 3677691082043070897, 1095520911610948189]))), 
Shared(Fp256(BigInteger256([18384542017730015924, 5760322971318089621, 1871300410587634618, 1076607513155858954])), 
    Fp256(BigInteger256([9742985045018442967, 6722395302262521274, 12748299360969461980, 573274236383866823])))]
    
[DEBUG ark_marlin::ahp::prover] witness_assignment0: 
[Shared(Fp256(BigInteger256([9095242066956479515, 14649009135231649513, 16131124177169521201, 491151269739119402])), 
    Fp256(BigInteger256([16816489775599358734, 6676154294072372578, 10833580284765513941, 386733535997680217]))), 
Shared(Fp256(BigInteger256([7567827890627882191, 8273608966381630840, 14182519176229149849, 658059595836173550])), 
    Fp256(BigInteger256([11258714467921648660, 9698843475131970327, 15750920271201560043, 317048803581758546]))), 
Shared(Fp256(BigInteger256([1653069975307039710, 3540897735786550675, 9449715747346012032, 1131274336487005520])), 
    Fp256(BigInteger256([9319341364594575636, 12042570725889931618, 6332201080993367515, 1145031906409307235]))), 
Shared(Fp256(BigInteger256([14384942362972947372, 4616275387628634926, 14581630394245817664, 184984614971926845])), 
    Fp256(BigInteger256([3342136737805380403, 11998051424128630974, 10575960576626263660, 1318980199347248480]))), 
Shared(Fp256(BigInteger256([17369120727007497355, 6230780783531829410, 12794186855112789839, 726628260937045569])), 
    Fp256(BigInteger256([18384542017730015924, 5760322971318089621, 1871300410587634618, 1076607513155858954])))]
    
    

w_poly: 
    Shared(Fp256(BigInteger256([18299428681290787160, 3691836394684142755, 10204117403370660186, 801401256607746097])), 
    Fp256(BigInteger256([6595572648195229635, 3173342866001362552, 7960986484355808511, 26901230622313364]))) + 
    Shared(Fp256(BigInteger256([6434303712793373845, 5009240452337706899, 6398108539664490996, 886782397766842668])), Fp256(BigInteger256([9439546141153298874, 4553602552331357973, 7617355848605394981, 354796447600528844]))) * x + 
    Shared(Fp256(BigInteger256([3942202170714394059, 2459090054377644559, 10654418614087784313, 360037540326681975])), Fp256(BigInteger256([14448596688210483368, 17924008830187285228, 7943020107114303757, 469190658046414099]))) * x^2 + 
    Shared(Fp256(BigInteger256([520332780717432695, 11483085483258587940, 5903842328146091428, 505199611430938118])), Fp256(BigInteger256([96212569164366204, 11161849073094922010, 16148065034377061006, 991280964643641347]))) * x^3 + 
    Shared(Fp256(BigInteger256([6499447261148437725, 11400892617085077930, 697405459970306024, 1046653844961824304])), Fp256(BigInteger256([7283231729638872032, 15471909181513924881, 13841401198584870668, 261747690724685479]))) * x^4 + 
    Shared(Fp256(BigInteger256([1508267111963738557, 6328781565679151917, 4246113553551541752, 1108660218558671018])), Fp256(BigInteger256([7577590366829784179, 7381033387174876815, 8006446653575834408, 1285667738967818979]))) * x^5 + 
    Shared(Fp256(BigInteger256([9095242066956479515, 14649009135231649513, 16131124177169521201, 491151269739119402])), Fp256(BigInteger256([5771783366893788156, 8410901253699297286, 1021061850673576718, 859798272686266470]))) * x^6

w_poly: 
    Shared(Fp256(BigInteger256([10644533100729636835, 15872558199733544284, 11592584053382712355, 1003534598363339695])), 
    Fp256(BigInteger256([14940690438200339913, 14810784632367201324, 14493517175041139231, 268220973052262728]))) + 
    Shared(Fp256(BigInteger256([9439546141153298874, 4553602552331357973, 7617355848605394981, 354796447600528844])), Fp256(BigInteger256([14186527306998794385, 13443684756243338066, 15225589835993981298, 1144992055013833628]))) * x + 
    Shared(Fp256(BigInteger256([17772055388273174727, 5715372638010085839, 4606338359900696625, 100543655099267032])), Fp256(BigInteger256([11004589073310790004, 7430108805396685280, 14878949933279296351, 960876899890722652]))) * x^2 + 
    Shared(Fp256(BigInteger256([96212569164366204, 11161849073094922010, 16148065034377061006, 991280964643641347])), Fp256(BigInteger256([4261351010479246398, 5306742220308208336, 14779286198799734218, 979788089623904040]))) * x^3 + 
    Shared(Fp256(BigInteger256([11332192182173279232, 9724380441536554997, 17472998767611774513, 1238381058465711810])), Fp256(BigInteger256([972588065081812206, 8236717828562298397, 4798207958587222598, 517372054286286111]))) * x^4 + 
    Shared(Fp256(BigInteger256([7577590366829784179, 7381033387174876815, 8006446653575834408, 1285667738967818979])), Fp256(BigInteger256([5648480081059601899, 7560217065424288888, 12879285852618837044, 507064619744106150]))) * x^5 + 
    Shared(Fp256(BigInteger256([9095242066956479515, 14649009135231649513, 16131124177169521201, 491151269739119402])), Fp256(BigInteger256([5771783366893788156, 8410901253699297286, 1021061850673576718, 859798272686266470]))) * x^6

w_poly: 
    Shared(Fp256(BigInteger256([542906817025195497, 9063255892389831441, 18125114744068043076, 1244854340793289059])), 
    Fp256(BigInteger256([14975969981228095801, 15900472586861342144, 13540799150584267318, 1170048259554893164]))) + 
    Shared(Fp256(BigInteger256([14186527306998794385, 13443684756243338066, 15225589835993981298, 1144992055013833628])), Fp256(BigInteger256([6434303712793373845, 5009240452337706899, 6398108539664490996, 886782397766842668]))) * x + 
    Shared(Fp256(BigInteger256([14328047773373481363, 13668216686929037507, 11542268186065689218, 592229896943575585])), Fp256(BigInteger256([618743470651702700, 14667726246554843948, 13991100361301391445, 728684543273829042]))) * x^2 + 
    Shared(Fp256(BigInteger256([4261351010479246398, 5306742220308208336, 14779286198799734218, 979788089623904040])), Fp256(BigInteger256([520332780717432695, 11483085483258587940, 5903842328146091428, 505199611430938118]))) * x^3 + 
    Shared(Fp256(BigInteger256([4296046765144503565, 14474825710094650624, 1461526211373615465, 148725051339139044])), Fp256(BigInteger256([2450486808614030525, 17148421357062447814, 15512551964652953795, 70020477220797972]))) * x^4 + 
    Shared(Fp256(BigInteger256([5648480081059601899, 7560217065424288888, 12879285852618837044, 507064619744106150])), Fp256(BigInteger256([1508267111963738557, 6328781565679151917, 4246113553551541752, 1108660218558671018]))) * x^5 + 
    Shared(Fp256(BigInteger256([9095242066956479515, 14649009135231649513, 16131124177169521201, 491151269739119402])), Fp256(BigInteger256([5771783366893788156, 8410901253699297286, 1021061850673576718, 859798272686266470]))) * x^6

 
 
 
 
    val0: GroupAffine(x=Fp384 "(007FB6DA8DF4E34522F4DC9C992B5C53A5EFA1DE6234599846CA3C77ACA9DF5CFC5BB447FCE7DD9E2F60C22A388B4B78)", y=Fp384 "(0042D40452B85AC3BD837286798E4A0C2EB6B53FF8523526C9DB71E5F6E3CB5E845B1FD36B5BE53A789990EA3B7C6738)"),
    val1: GroupAffine(x=Fp384 "(00596A096769934E319FC349E2E36C0C75CC601D98C7A2FE108C64AC250527BF0995132604AF0BDA543A8F3B4BAF2CDD)", y=Fp384 "(0098851B02B5C6D3E0825CAFBF6C68356906A00FFA2B4A9E2BE76FEF47C83A57502A09E5DA853ADD810275A96F93327D)")    val0: GroupAffine(x=Fp384 "(006DD8E824717216FBBFB1B397053ED309FA3A1B62E8A1D72861FE399355C3F5C6C26750A0D91BA96562AA030D31E77B)", y=Fp384 "(00D2AB0A56E358A1ABDF19767972ADBAC219543A53A033CF10ACB7109D6829D8FB8113A268849BF0F6AEABC22CA4466B)"),
    val1: GroupAffine(x=Fp384 "(00C697C138EF7640CEB771364CFF0D007366F5ADC1BD6E748FE3FF611AFB796DA6226755648419A0EF1EF3C72FE5A1E7)", y=Fp384 "(00771D024229EF98DDB0B5DDA236653AF31625A05D8CF7BA53F298488938C85B0600EFC28BF9DFE0CB75ECB9842F29E5)")    val0: GroupAffine(x=Fp384 "(0008117A410836613C7E47F33467B17D9F617343809E4A1D2C1031AF3F54128B0D0137701D5E613D2BE76571EF8DA98F)", y=Fp384 "(00A00A0B8950031CFDA448C0ED0B6890633C7B47AE9167F181F9DF4AAB6AB7F9AFD02B622CEC5EA712CD47A97ED40DC9)"),
    val1: GroupAffine(x=Fp384 "(00C5FC5CF5D58C635CCCCADD0E7A4A2FD7B270BD16B3B9ECD15871B13901FED7EA637FE133219B5EFC4E988EB244A7AF)", y=Fp384 "(0119FCDF1AE13DB6A2627546216306F9CCD1512BA10FFF704A4C5CED340DE70C2A4C8B13999A339AB6AB6A349B786461)")    ++ BIN=./target/debug/proof
++ BIN=./target/debug/proof
++ ./scripts/bench.zsh marlin rss3 5 3
[DEBUG mpc_net::multi] 0 to 1
[DEBUG mpc_net::multi] Contacting 1
[DEBUG mpc_net::multi] 0 to 1
[DEBUG mpc_net::multi] Awaiting 0
[DEBUG mpc_net::multi] 0 to 1
[DEBUG mpc_net::multi] 0 to 2
[DEBUG mpc_net::multi] Awaiting 0
[DEBUG mpc_net::multi] 0 to 2
[DEBUG mpc_net::multi] Contacting 2
[DEBUG mpc_net::multi] 1 to 2
[DEBUG mpc_net::multi] 0 to 2
[DEBUG mpc_net::multi] 1 to 2
[DEBUG mpc_net::multi] Contacting 2
[DEBUG mpc_net::multi] 1 to 2
[DEBUG mpc_net::multi] Awaiting 1
[DEBUG mpc_algebra::wire::macros] Consistency check
[DEBUG mpc_algebra::wire::macros] Consistency check
[DEBUG mpc_algebra::wire::macros] Consistency check
[DEBUG mpc_algebra::wire::macros] Consistency check
[DEBUG mpc_algebra::wire::macros] Consistency check
[DEBUG mpc_algebra::wire::macros] Consistency check
[DEBUG mpc_algebra::wire::macros] Consistency check
[DEBUG mpc_algebra::wire::macros] Consistency check
[DEBUG mpc_algebra::wire::macros] Consistency check


[DEBUG ark_marlin] prover_first_msg: EmptyMessage
    prover_first_oracles:
    ProverFirstOracles { 
    w: LabeledPolynomial { label: "w", polynomial: 
    Shared(Fp256(BigInteger256([18299428681290787160, 3691836394684142755, 10204117403370660186, 801401256607746097])), Fp256(BigInteger256([6595572648195229635, 3173342866001362552, 7960986484355808511, 26901230622313364]))) + 
    Shared(Fp256(BigInteger256([6434303712793373845, 5009240452337706899, 6398108539664490996, 886782397766842668])), Fp256(BigInteger256([9439546141153298874, 4553602552331357973, 7617355848605394981, 354796447600528844]))) * x + 
    Shared(Fp256(BigInteger256([3942202170714394059, 2459090054377644559, 10654418614087784313, 360037540326681975])), Fp256(BigInteger256([14448596688210483368, 17924008830187285228, 7943020107114303757, 469190658046414099]))) * x^2 + 
    Shared(Fp256(BigInteger256([520332780717432695, 11483085483258587940, 5903842328146091428, 505199611430938118])), Fp256(BigInteger256([96212569164366204, 11161849073094922010, 16148065034377061006, 991280964643641347]))) * x^3 + 
    Shared(Fp256(BigInteger256([6499447261148437725, 11400892617085077930, 697405459970306024, 1046653844961824304])), Fp256(BigInteger256([7283231729638872032, 15471909181513924881, 13841401198584870668, 261747690724685479]))) * x^4 + 
    Shared(Fp256(BigInteger256([1508267111963738557, 6328781565679151917, 4246113553551541752, 1108660218558671018])), Fp256(BigInteger256([7577590366829784179, 7381033387174876815, 8006446653575834408, 1285667738967818979]))) * x^5 + 
    Shared(Fp256(BigInteger256([9095242066956479515, 14649009135231649513, 16131124177169521201, 491151269739119402])), Fp256(BigInteger256([5771783366893788156, 8410901253699297286, 1021061850673576718, 859798272686266470]))) * x^6, 
    degree_bound: None, hiding_bound: Some(1), _field: PhantomData<mpc_algebra::wire::field::MpcField<ark_ff::fields::models::Fp256<ark_bls12_377::fields::fr::FrParameters>, mpc_algebra::share::rss3::RSS3FieldShare<ark_ff::fields::models::Fp256<ark_bls12_377::fields::fr::FrParameters>>>> }, 
    z_a: LabeledPolynomial { label: "z_a", polynomial: 
    Shared(Fp256(BigInteger256([2400231321219077621, 9144671226365705422, 17159510987519773759, 376970787983373152])), Fp256(BigInteger256([4176142385761021199, 584643901074764198, 4279459281781751470, 1280652352969613223]))) + 
    Shared(Fp256(BigInteger256([1911386301824984091, 13121151026436786362, 3014104235717975371, 579405607917864491])), Fp256(BigInteger256([12350910652100111080, 9790073819104667210, 10895609230799800303, 1168608668951294805]))) * x + 
    Shared(Fp256(BigInteger256([13101908073667231675, 866333695331872484, 14576942366609814762, 618935369808894380])), Fp256(BigInteger256([5011683299653245414, 5738634462221641987, 10851393221116480095, 1195591344589572951]))) * x^2 + 
    Shared(Fp256(BigInteger256([13988828874636893696, 10449645667153699593, 6357042406067057125, 208128480229807392])), Fp256(BigInteger256([14062024151404158521, 11265470432660938670, 4969729270079048897, 867320413321782819]))) * x^3 + 
    Shared(Fp256(BigInteger256([15359843009152049394, 10378779604882228560, 4571496049022288322, 289703040415251597])), Fp256(BigInteger256([6539661635191816888, 173711648115408323, 5910940440587899851, 1007275734559674437]))) * x^4 + 
    Shared(Fp256(BigInteger256([6346960833932993166, 17377468535486129652, 14584596210391945655, 59667377632527428])), Fp256(BigInteger256([9704681504032879159, 4309212500423556182, 9108729843650435905, 149215520062597833]))) * x^5 + 
    Shared(Fp256(BigInteger256([7566323465034489713, 11686068702497950721, 8947111268809937603, 133282101221250302])), Fp256(BigInteger256([8066954970446560149, 3346140373590722190, 5259597831545872831, 1043973060042299648]))) * x^6 + 
    Shared(Fp256(BigInteger256([5364415731575843717, 12087618068774234415, 15163792511716799909, 153141916328884717])), Fp256(BigInteger256([9827397418853692477, 855636890883575512, 14253127301488377130, 1321318342535957860]))) * x^7 + 
    Shared(Fp256(BigInteger256([7567827890627882191, 8273608966381630840, 14182519176229149849, 658059595836173550])), Fp256(BigInteger256([14172314159118804779, 11114021938823000040, 14195639474486079330, 897525059782513280]))) * x^8 + 
    Shared(Fp256(BigInteger256([0, 0, 0, 0])), Fp256(BigInteger256([0, 0, 0, 0]))) * x^9 + 
    Shared(Fp256(BigInteger256([0, 0, 0, 0])), Fp256(BigInteger256([0, 0, 0, 0]))) * x^10 + 
    Shared(Fp256(BigInteger256([0, 0, 0, 0])), Fp256(BigInteger256([0, 0, 0, 0]))) * x^11 + 
    Shared(Fp256(BigInteger256([0, 0, 0, 0])), Fp256(BigInteger256([0, 0, 0, 0]))) * x^12 + 
    Shared(Fp256(BigInteger256([0, 0, 0, 0])), Fp256(BigInteger256([0, 0, 0, 0]))) * x^13 + 
    Shared(Fp256(BigInteger256([0, 0, 0, 0])), Fp256(BigInteger256([0, 0, 0, 0]))) * x^14 + 
    Shared(Fp256(BigInteger256([0, 0, 0, 0])), Fp256(BigInteger256([0, 0, 0, 0]))) * x^15, 
    degree_bound: None, hiding_bound: Some(1), _field: PhantomData<mpc_algebra::wire::field::MpcField<ark_ff::fields::models::Fp256<ark_bls12_377::fields::fr::FrParameters>, mpc_algebra::share::rss3::RSS3FieldShare<ark_ff::fields::models::Fp256<ark_bls12_377::fields::fr::FrParameters>>>> }, 
    z_b: LabeledPolynomial { label: "z_b", polynomial: 
    Shared(Fp256(BigInteger256([9040490989011635943, 1891745835451063476, 10413849658933870938, 1249036418020714581])), Fp256(BigInteger256([13176240798645702988, 6123460535496147469, 1925002467881075350, 286399927392269821]))) + 
    Shared(Fp256(BigInteger256([1911386301824984091, 13121151026436786362, 3014104235717975371, 579405607917864491])), Fp256(BigInteger256([12350910652100111080, 9790073819104667210, 10895609230799800303, 1168608668951294805]))) * x + 
    Shared(Fp256(BigInteger256([13101908073667231675, 866333695331872484, 14576942366609814762, 618935369808894380])), Fp256(BigInteger256([5011683299653245414, 5738634462221641987, 10851393221116480095, 1195591344589572951]))) * x^2 + 
    Shared(Fp256(BigInteger256([13988828874636893696, 10449645667153699593, 6357042406067057125, 208128480229807392])), Fp256(BigInteger256([14062024151404158521, 11265470432660938670, 4969729270079048897, 867320413321782819]))) * x^3 + 
    Shared(Fp256(BigInteger256([15359843009152049394, 10378779604882228560, 4571496049022288322, 289703040415251597])), Fp256(BigInteger256([6539661635191816888, 173711648115408323, 5910940440587899851, 1007275734559674437]))) * x^4 + 
    Shared(Fp256(BigInteger256([6346960833932993166, 17377468535486129652, 14584596210391945655, 59667377632527428])), Fp256(BigInteger256([9704681504032879159, 4309212500423556182, 9108729843650435905, 149215520062597833]))) * x^5 + 
    Shared(Fp256(BigInteger256([7566323465034489713, 11686068702497950721, 8947111268809937603, 133282101221250302])), Fp256(BigInteger256([8066954970446560149, 3346140373590722190, 5259597831545872831, 1043973060042299648]))) * x^6 + 
    Shared(Fp256(BigInteger256([5364415731575843717, 12087618068774234415, 15163792511716799909, 153141916328884717])), Fp256(BigInteger256([9827397418853692477, 855636890883575512, 14253127301488377130, 1321318342535957860]))) * x^7 + 
    Shared(Fp256(BigInteger256([1653069975307039710, 3540897735786550675, 9449715747346012032, 1131274336487005520])), Fp256(BigInteger256([4446713993762407149, 17560841925911338880, 9581816972146244472, 546497114671683284]))) * x^8 + 
    Shared(Fp256(BigInteger256([0, 0, 0, 0])), Fp256(BigInteger256([0, 0, 0, 0]))) * x^9 + 
    Shared(Fp256(BigInteger256([0, 0, 0, 0])), Fp256(BigInteger256([0, 0, 0, 0]))) * x^10 + 
    Shared(Fp256(BigInteger256([0, 0, 0, 0])), Fp256(BigInteger256([0, 0, 0, 0]))) * x^11 + 
    Shared(Fp256(BigInteger256([0, 0, 0, 0])), Fp256(BigInteger256([0, 0, 0, 0]))) * x^12 + 
    Shared(Fp256(BigInteger256([0, 0, 0, 0])), Fp256(BigInteger256([0, 0, 0, 0]))) * x^13 + 
    Shared(Fp256(BigInteger256([0, 0, 0, 0])), Fp256(BigInteger256([0, 0, 0, 0]))) * x^14 + 
    Shared(Fp256(BigInteger256([0, 0, 0, 0])), Fp256(BigInteger256([0, 0, 0, 0]))) * x^15, 
    degree_bound: None, hiding_bound: Some(1), _field: PhantomData<mpc_algebra::wire::field::MpcField<ark_ff::fields::models::Fp256<ark_bls12_377::fields::fr::FrParameters>, mpc_algebra::share::rss3::RSS3FieldShare<ark_ff::fields::models::Fp256<ark_bls12_377::fields::fr::FrParameters>>>> }, 
    mask_poly: LabeledPolynomial { label: "mask_poly", polynomial: 
    Shared(Fp256(BigInteger256([12478760586456723645, 6614527345740376830, 914810836031252153, 967903781308690740])), Fp256(BigInteger256([927129994786070402, 1856524334750632067, 5572539854466035439, 757785402005805245]))) + 
    Shared(Fp256(BigInteger256([17369120727007497355, 6230780783531829410, 12794186855112789839, 726628260937045569])), Fp256(BigInteger256([9742985045018442967, 6722395302262521274, 12748299360969461980, 573274236383866823]))) * x + 
    Shared(Fp256(BigInteger256([13302430661607381625, 17869635484466185306, 11707035152596410855, 692263560998530143])), Fp256(BigInteger256([12368081944254531160, 5889731678243775925, 6925128507555089070, 73106854124139322]))) * x^2 + 
    Shared(Fp256(BigInteger256([16876262775444865049, 5281261568486831992, 2920675765377892421, 681744878015615590])), Fp256(BigInteger256([15934835935457246812, 12200525050048965715, 13504056734801461211, 411900924564818716]))) * x^3 + 
    Shared(Fp256(BigInteger256([3297870723232886773, 12923357208897254572, 7465027484930678025, 78935904591791798])), Fp256(BigInteger256([11087329031566259080, 2339210673317435227, 8228839136921065873, 830894401233998749]))) * x^4 + 
    Shared(Fp256(BigInteger256([3729398572823209222, 3471054589065279698, 12511269383268358948, 216527138666550353])), Fp256(BigInteger256([2570742922658549268, 11921617753803362452, 2306356235057129823, 692787845168635327]))) * x^5 + 
    Shared(Fp256(BigInteger256([17307158040048625948, 14763615870811641497, 9424226598411348566, 680611071358218925])), Fp256(BigInteger256([8247366866477389203, 16853343290311416685, 8287844290372007515, 427410571444812804]))) * x^6 + 
    Shared(Fp256(BigInteger256([2750048237073750895, 11551204922694335286, 5756488793789112410, 1189884765944195621])), Fp256(BigInteger256([2368987852237714509, 18165166717989236610, 8067196866902880435, 142152886716680580]))) * x^7 + 
    Shared(Fp256(BigInteger256([12919081646936759708, 2670388481587801965, 11900955765242899470, 574126593182161563])), Fp256(BigInteger256([16936387160068346643, 3372883361292765008, 1110177036462692937, 947563131044297984]))) * x^8 + 
    Shared(Fp256(BigInteger256([6698212923049481780, 14446809206674956177, 13043980289774750597, 1033534792085272987])), Fp256(BigInteger256([16123514064692274013, 1624292487656412484, 7893245651929756027, 414255827418920695]))) * x^9 + 
    Shared(Fp256(BigInteger256([11388300306702535997, 11333542731874433794, 2244535028941363225, 193804642304273825])), Fp256(BigInteger256([3763988716935249672, 8476981090758349245, 13675485117829504639, 455931068374892852]))) * x^10 + 
    Shared(Fp256(BigInteger256([11283717565213698564, 12490824672797744019, 9665660208509348333, 80597681970485714])), Fp256(BigInteger256([14989025801238577008, 1137506761906443448, 18206900307616050383, 53557647913696010]))) * x^11 + 
    Shared(Fp256(BigInteger256([7303574369051660456, 5969752590393376052, 1923461532369531564, 703579125872590037])), Fp256(BigInteger256([4408176997923886656, 3251666525742956863, 12525514087618523792, 1320364277031465702]))) * x^12 + 
    Shared(Fp256(BigInteger256([15151233136091693930, 16297945770434747488, 14529354920621147935, 986513402285468171])), Fp256(BigInteger256([15841463032229865184, 7315140865028032099, 2577647231559673416, 213985177224765669]))) * x^13 + 
    Shared(Fp256(BigInteger256([10300825721575089487, 1994001530301277492, 9948211477190625132, 937767603549099451])), Fp256(BigInteger256([5289222967189880734, 2138204297592109705, 12764399574265532219, 1339297897066851007]))) * x^14 + 
    Shared(Fp256(BigInteger256([8602877668857630355, 14421060898687712606, 3320848094676939996, 376067674207818428])), Fp256(BigInteger256([2237943308950604628, 4497573283992667573, 7496922163219965529, 1224445784095463265]))) * x^15 + 
    Shared(Fp256(BigInteger256([12946649418969051561, 3637299077071480213, 1120792031206870331, 1148530366885494493])), Fp256(BigInteger256([2034230423798566253, 7692807208356261934, 7253841741552293578, 985212208326243567]))) * x^16 + 
    Shared(Fp256(BigInteger256([11874898938226044391, 2892270516009418320, 16797159145873055846, 792632013181411395])), Fp256(BigInteger256([10092234836742687648, 4472160819896573994, 10468385838816764829, 206525021469495946]))) * x^17 + 
    Shared(Fp256(BigInteger256([13553794170603904638, 2656297197080913711, 17171264430816267121, 843957491188187005])), Fp256(BigInteger256([13970553982106152536, 1797292326918169339, 6561843010190975398, 1301313610131141870]))) * x^18 + 
    Shared(Fp256(BigInteger256([9907412009758808025, 4709841404717561628, 10996330436796312124, 583909632067636374])), Fp256(BigInteger256([1480975443466474039, 12669330125088426658, 4573651866848785087, 284393098740880688]))) * x^19 + 
    Shared(Fp256(BigInteger256([18255813224367375421, 1366829418621498387, 9072195159765264582, 34185044056970089])), Fp256(BigInteger256([9071066877279209764, 10237525684207506296, 452045102899628845, 908321253912636050]))) * x^20 + 
    Shared(Fp256(BigInteger256([11188819800353857078, 8115273837859069839, 16748220092407772835, 371360335350788712])), Fp256(BigInteger256([12717648701851586309, 4229695874372225272, 17998264438260390478, 381271551098273013]))) * x^21 + 
    Shared(Fp256(BigInteger256([17462037903660775268, 13124200936944288406, 1248550614966676756, 1032495481099534443])), Fp256(BigInteger256([3315882206406393132, 66506157008454651, 3003880722885049410, 1272742293031095607]))) * x^22 + 
    Shared(Fp256(BigInteger256([445620080189246063, 3457415881059378679, 11296076804358540258, 57734898379538193])), Fp256(BigInteger256([16554338906733265777, 4273781046973763456, 4405875714391077651, 689466141512381135]))) * x^23, degree_bound: None, hiding_bound: None, _field: PhantomData<mpc_algebra::wire::field::MpcField<ark_ff::fields::models::Fp256<ark_bls12_377::fields::fr::FrParameters>, mpc_algebra::share::rss3::RSS3FieldShare<ark_ff::fields::models::Fp256<ark_bls12_377::fields::fr::FrParameters>>>> } }[DEBUG ark_marlin] prover_first_msg: EmptyMessage
    
    prover_first_oracles:ProverFirstOracles { 
    w: LabeledPolynomial { label: "w", polynomial: 
    Shared(Fp256(BigInteger256([542906817025195497, 9063255892389831441, 18125114744068043076, 1244854340793289059])), Fp256(BigInteger256([14975969981228095801, 15900472586861342144, 13540799150584267318, 1170048259554893164]))) + 
    Shared(Fp256(BigInteger256([14186527306998794385, 13443684756243338066, 15225589835993981298, 1144992055013833628])), Fp256(BigInteger256([6434303712793373845, 5009240452337706899, 6398108539664490996, 886782397766842668]))) * x + 
    Shared(Fp256(BigInteger256([14328047773373481363, 13668216686929037507, 11542268186065689218, 592229896943575585])), Fp256(BigInteger256([618743470651702700, 14667726246554843948, 13991100361301391445, 728684543273829042]))) * x^2 + 
    Shared(Fp256(BigInteger256([4261351010479246398, 5306742220308208336, 14779286198799734218, 979788089623904040])), Fp256(BigInteger256([520332780717432695, 11483085483258587940, 5903842328146091428, 505199611430938118]))) * x^3 + 
    Shared(Fp256(BigInteger256([4296046765144503565, 14474825710094650624, 1461526211373615465, 148725051339139044])), Fp256(BigInteger256([2450486808614030525, 17148421357062447814, 15512551964652953795, 70020477220797972]))) * x^4 + 
    Shared(Fp256(BigInteger256([5648480081059601899, 7560217065424288888, 12879285852618837044, 507064619744106150])), Fp256(BigInteger256([1508267111963738557, 6328781565679151917, 4246113553551541752, 1108660218558671018]))) * x^5 + 
    Shared(Fp256(BigInteger256([9095242066956479515, 14649009135231649513, 16131124177169521201, 491151269739119402])), Fp256(BigInteger256([5771783366893788156, 8410901253699297286, 1021061850673576718, 859798272686266470]))) * x^6, degree_bound: None, hiding_bound: Some(1), _field: PhantomData<mpc_algebra::wire::field::MpcField<ark_ff::fields::models::Fp256<ark_bls12_377::fields::fr::FrParameters>, mpc_algebra::share::rss3::RSS3FieldShare<ark_ff::fields::models::Fp256<ark_bls12_377::fields::fr::FrParameters>>>> }, z_a: LabeledPolynomial { label: "z_a", polynomial: 
    Shared(Fp256(BigInteger256([11036352004830248658, 8270644436840602177, 11272564135159112131, 1254393080934430383])), Fp256(BigInteger256([14242489126437706649, 6304258253924336221, 17146390689262844278, 137505324037033422]))) + 
    Shared(Fp256(BigInteger256([1894817816089111142, 5902775006687637943, 6985121093638915678, 325459515047075225])), Fp256(BigInteger256([1911386301824984091, 13121151026436786362, 3014104235717975371, 579405607917864491]))) * x + 
    Shared(Fp256(BigInteger256([12649974954023100922, 16770493846898340044, 9767662036201385492, 509866230681914531])), Fp256(BigInteger256([13101908073667231675, 866333695331872484, 14576942366609814762, 618935369808894380]))) * x^2 + 
    Shared(Fp256(BigInteger256([8722408490677730864, 12384427125695278463, 2131663661987910144, 108440461845164990])), Fp256(BigInteger256([13988828874636893696, 10449645667153699593, 6357042406067057125, 208128480229807392]))) * x^3 + 
    Shared(Fp256(BigInteger256([16820796159895666561, 14468770036324655502, 4942010755041493476, 20091160708362087])), Fp256(BigInteger256([15359843009152049394, 10378779604882228560, 4571496049022288322, 289703040415251597]))) * x^4 + 
    Shared(Fp256(BigInteger256([18275811127689117314, 16562081143794145685, 8129059662123316931, 622594154566699606])), Fp256(BigInteger256([6346960833932993166, 17377468535486129652, 14584596210391945655, 59667377632527428]))) * x^5 + 
    Shared(Fp256(BigInteger256([12725094076822400825, 12472080724755273138, 15904574156555363948, 857040438553548729])), Fp256(BigInteger256([7566323465034489713, 11686068702497950721, 8947111268809937603, 133282101221250302]))) * x^6 + 
    Shared(Fp256(BigInteger256([13812385172264126641, 12714426499291780695, 614275596373509711, 171047743630270493])), Fp256(BigInteger256([5364415731575843717, 12087618068774234415, 15163792511716799909, 153141916328884717]))) * x^7 + 
    Shared(Fp256(BigInteger256([7567827890627882191, 8273608966381630840, 14182519176229149849, 658059595836173550])), Fp256(BigInteger256([14172314159118804779, 11114021938823000040, 14195639474486079330, 897525059782513280]))) * x^8 + 
    Shared(Fp256(BigInteger256([0, 0, 0, 0])), Fp256(BigInteger256([0, 0, 0, 0]))) * x^9 + 
    Shared(Fp256(BigInteger256([0, 0, 0, 0])), Fp256(BigInteger256([0, 0, 0, 0]))) * x^10 + 
    Shared(Fp256(BigInteger256([0, 0, 0, 0])), Fp256(BigInteger256([0, 0, 0, 0]))) * x^11 + 
    Shared(Fp256(BigInteger256([0, 0, 0, 0])), Fp256(BigInteger256([0, 0, 0, 0]))) * x^12 + 
    Shared(Fp256(BigInteger256([0, 0, 0, 0])), Fp256(BigInteger256([0, 0, 0, 0]))) * x^13 + 
    Shared(Fp256(BigInteger256([0, 0, 0, 0])), Fp256(BigInteger256([0, 0, 0, 0]))) * x^14 + 
    Shared(Fp256(BigInteger256([0, 0, 0, 0])), Fp256(BigInteger256([0, 0, 0, 0]))) * x^15, 
    degree_bound: None, hiding_bound: Some(1), _field: PhantomData<mpc_algebra::wire::field::MpcField<ark_ff::fields::models::Fp256<ark_bls12_377::fields::fr::FrParameters>, mpc_algebra::share::rss3::RSS3FieldShare<ark_ff::fields::models::Fp256<ark_bls12_377::fields::fr::FrParameters>>>> }, 
    z_b: LabeledPolynomial { label: "z_b", polynomial: 
    Shared(Fp256(BigInteger256([16951109920151091139, 13003355667435682342, 16005367564042249948, 781178340283598413])), Fp256(BigInteger256([5521345218084552663, 18304182340545548998, 3313469117893127519, 488533269147863419]))) + 
    Shared(Fp256(BigInteger256([1894817816089111142, 5902775006687637943, 6985121093638915678, 325459515047075225])), Fp256(BigInteger256([1911386301824984091, 13121151026436786362, 3014104235717975371, 579405607917864491]))) * x + 
    Shared(Fp256(BigInteger256([12649974954023100922, 16770493846898340044, 9767662036201385492, 509866230681914531])), Fp256(BigInteger256([13101908073667231675, 866333695331872484, 14576942366609814762, 618935369808894380]))) * x^2 + 
    Shared(Fp256(BigInteger256([8722408490677730864, 12384427125695278463, 2131663661987910144, 108440461845164990])), Fp256(BigInteger256([13988828874636893696, 10449645667153699593, 6357042406067057125, 208128480229807392]))) * x^3 + 
    Shared(Fp256(BigInteger256([16820796159895666561, 14468770036324655502, 4942010755041493476, 20091160708362087])), Fp256(BigInteger256([15359843009152049394, 10378779604882228560, 4571496049022288322, 289703040415251597]))) * x^4 + 
    Shared(Fp256(BigInteger256([18275811127689117314, 16562081143794145685, 8129059662123316931, 622594154566699606])), Fp256(BigInteger256([6346960833932993166, 17377468535486129652, 14584596210391945655, 59667377632527428]))) * x^5 + 
    Shared(Fp256(BigInteger256([12725094076822400825, 12472080724755273138, 15904574156555363948, 857040438553548729])), Fp256(BigInteger256([7566323465034489713, 11686068702497950721, 8947111268809937603, 133282101221250302]))) * x^6 + 
    Shared(Fp256(BigInteger256([13812385172264126641, 12714426499291780695, 614275596373509711, 171047743630270493])), Fp256(BigInteger256([5364415731575843717, 12087618068774234415, 15163792511716799909, 153141916328884717]))) * x^7 + 
    Shared(Fp256(BigInteger256([1653069975307039710, 3540897735786550675, 9449715747346012032, 1131274336487005520])), Fp256(BigInteger256([4446713993762407149, 17560841925911338880, 9581816972146244472, 546497114671683284]))) * x^8 + 
    Shared(Fp256(BigInteger256([0, 0, 0, 0])), Fp256(BigInteger256([0, 0, 0, 0]))) * x^9 + 
    Shared(Fp256(BigInteger256([0, 0, 0, 0])), Fp256(BigInteger256([0, 0, 0, 0]))) * x^10 + 
    Shared(Fp256(BigInteger256([0, 0, 0, 0])), Fp256(BigInteger256([0, 0, 0, 0]))) * x^11 + 
    Shared(Fp256(BigInteger256([0, 0, 0, 0])), Fp256(BigInteger256([0, 0, 0, 0]))) * x^12 + 
    Shared(Fp256(BigInteger256([0, 0, 0, 0])), Fp256(BigInteger256([0, 0, 0, 0]))) * x^13 + 
    Shared(Fp256(BigInteger256([0, 0, 0, 0])), Fp256(BigInteger256([0, 0, 0, 0]))) * x^14 + 
    Shared(Fp256(BigInteger256([0, 0, 0, 0])), Fp256(BigInteger256([0, 0, 0, 0]))) * x^15, 
    degree_bound: None, hiding_bound: Some(1), _field: PhantomData<mpc_algebra::wire::field::MpcField<ark_ff::fields::models::Fp256<ark_bls12_377::fields::fr::FrParameters>, mpc_algebra::share::rss3::RSS3FieldShare<ark_ff::fields::models::Fp256<ark_bls12_377::fields::fr::FrParameters>>>> }, 
    mask_poly: LabeledPolynomial { label: "mask_poly", polynomial: 
    Shared(Fp256(BigInteger256([12478760586456723645, 6614527345740376830, 914810836031252153, 967903781308690740])), Fp256(BigInteger256([927129994786070402, 1856524334750632067, 5572539854466035439, 757785402005805245]))) + 
    Shared(Fp256(BigInteger256([17369120727007497355, 6230780783531829410, 12794186855112789839, 726628260937045569])), Fp256(BigInteger256([9742985045018442967, 6722395302262521274, 12748299360969461980, 573274236383866823]))) * x + 
    Shared(Fp256(BigInteger256([13302430661607381625, 17869635484466185306, 11707035152596410855, 692263560998530143])), Fp256(BigInteger256([12368081944254531160, 5889731678243775925, 6925128507555089070, 73106854124139322]))) * x^2 + 
    Shared(Fp256(BigInteger256([16876262775444865049, 5281261568486831992, 2920675765377892421, 681744878015615590])), Fp256(BigInteger256([15934835935457246812, 12200525050048965715, 13504056734801461211, 411900924564818716]))) * x^3 + 
    Shared(Fp256(BigInteger256([3297870723232886773, 12923357208897254572, 7465027484930678025, 78935904591791798])), Fp256(BigInteger256([11087329031566259080, 2339210673317435227, 8228839136921065873, 830894401233998749]))) * x^4 + 
    Shared(Fp256(BigInteger256([3729398572823209222, 3471054589065279698, 12511269383268358948, 216527138666550353])), Fp256(BigInteger256([2570742922658549268, 11921617753803362452, 2306356235057129823, 692787845168635327]))) * x^5 + 
    Shared(Fp256(BigInteger256([17307158040048625948, 14763615870811641497, 9424226598411348566, 680611071358218925])), Fp256(BigInteger256([8247366866477389203, 16853343290311416685, 8287844290372007515, 427410571444812804]))) * x^6 + 
    Shared(Fp256(BigInteger256([2750048237073750895, 11551204922694335286, 5756488793789112410, 1189884765944195621])), Fp256(BigInteger256([2368987852237714509, 18165166717989236610, 8067196866902880435, 142152886716680580]))) * x^7 + 
    Shared(Fp256(BigInteger256([12919081646936759708, 2670388481587801965, 11900955765242899470, 574126593182161563])), Fp256(BigInteger256([16936387160068346643, 3372883361292765008, 1110177036462692937, 947563131044297984]))) * x^8 + 
    Shared(Fp256(BigInteger256([6698212923049481780, 14446809206674956177, 13043980289774750597, 1033534792085272987])), Fp256(BigInteger256([16123514064692274013, 1624292487656412484, 7893245651929756027, 414255827418920695]))) * x^9 + 
    Shared(Fp256(BigInteger256([11388300306702535997, 11333542731874433794, 2244535028941363225, 193804642304273825])), Fp256(BigInteger256([3763988716935249672, 8476981090758349245, 13675485117829504639, 455931068374892852]))) * x^10 + 
    Shared(Fp256(BigInteger256([11283717565213698564, 12490824672797744019, 9665660208509348333, 80597681970485714])), Fp256(BigInteger256([14989025801238577008, 1137506761906443448, 18206900307616050383, 53557647913696010]))) * x^11 + 
    Shared(Fp256(BigInteger256([7303574369051660456, 5969752590393376052, 1923461532369531564, 703579125872590037])), Fp256(BigInteger256([4408176997923886656, 3251666525742956863, 12525514087618523792, 1320364277031465702]))) * x^12 + 
    Shared(Fp256(BigInteger256([15151233136091693930, 16297945770434747488, 14529354920621147935, 986513402285468171])), Fp256(BigInteger256([15841463032229865184, 7315140865028032099, 2577647231559673416, 213985177224765669]))) * x^13 + 
    Shared(Fp256(BigInteger256([10300825721575089487, 1994001530301277492, 9948211477190625132, 937767603549099451])), Fp256(BigInteger256([5289222967189880734, 2138204297592109705, 12764399574265532219, 1339297897066851007]))) * x^14 + 
    Shared(Fp256(BigInteger256([8602877668857630355, 14421060898687712606, 3320848094676939996, 376067674207818428])), Fp256(BigInteger256([2237943308950604628, 4497573283992667573, 7496922163219965529, 1224445784095463265]))) * x^15 + 
    Shared(Fp256(BigInteger256([12946649418969051561, 3637299077071480213, 1120792031206870331, 1148530366885494493])), Fp256(BigInteger256([2034230423798566253, 7692807208356261934, 7253841741552293578, 985212208326243567]))) * x^16 + 
    Shared(Fp256(BigInteger256([11874898938226044391, 2892270516009418320, 16797159145873055846, 792632013181411395])), Fp256(BigInteger256([10092234836742687648, 4472160819896573994, 10468385838816764829, 206525021469495946]))) * x^17 + 
    Shared(Fp256(BigInteger256([13553794170603904638, 2656297197080913711, 17171264430816267121, 843957491188187005])), Fp256(BigInteger256([13970553982106152536, 1797292326918169339, 6561843010190975398, 1301313610131141870]))) * x^18 + 
    Shared(Fp256(BigInteger256([9907412009758808025, 4709841404717561628, 10996330436796312124, 583909632067636374])), Fp256(BigInteger256([1480975443466474039, 12669330125088426658, 4573651866848785087, 284393098740880688]))) * x^19 + 
    Shared(Fp256(BigInteger256([18255813224367375421, 1366829418621498387, 9072195159765264582, 34185044056970089])), Fp256(BigInteger256([9071066877279209764, 10237525684207506296, 452045102899628845, 908321253912636050]))) * x^20 + 
    Shared(Fp256(BigInteger256([11188819800353857078, 8115273837859069839, 16748220092407772835, 371360335350788712])), Fp256(BigInteger256([12717648701851586309, 4229695874372225272, 17998264438260390478, 381271551098273013]))) * x^21 + 
    Shared(Fp256(BigInteger256([17462037903660775268, 13124200936944288406, 1248550614966676756, 1032495481099534443])), Fp256(BigInteger256([3315882206406393132, 66506157008454651, 3003880722885049410, 1272742293031095607]))) * x^22 + 
    Shared(Fp256(BigInteger256([445620080189246063, 3457415881059378679, 11296076804358540258, 57734898379538193])), Fp256(BigInteger256([16554338906733265777, 4273781046973763456, 4405875714391077651, 689466141512381135]))) * x^23, degree_bound: None, hiding_bound: None, _field: PhantomData<mpc_algebra::wire::field::MpcField<ark_ff::fields::models::Fp256<ark_bls12_377::fields::fr::FrParameters>, mpc_algebra::share::rss3::RSS3FieldShare<ark_ff::fields::models::Fp256<ark_bls12_377::fields::fr::FrParameters>>>> } }

[DEBUG ark_marlin] 
    prover_first_msg: EmptyMessage
    prover_first_oracles:ProverFirstOracles { 
    w: LabeledPolynomial { label: "w", polynomial: 
    Shared(Fp256(BigInteger256([10644533100729636835, 15872558199733544284, 11592584053382712355, 1003534598363339695])), Fp256(BigInteger256([14940690438200339913, 14810784632367201324, 14493517175041139231, 268220973052262728]))) + 
    Shared(Fp256(BigInteger256([9439546141153298874, 4553602552331357973, 7617355848605394981, 354796447600528844])), Fp256(BigInteger256([14186527306998794385, 13443684756243338066, 15225589835993981298, 1144992055013833628]))) * x + 
    Shared(Fp256(BigInteger256([17772055388273174727, 5715372638010085839, 4606338359900696625, 100543655099267032])), Fp256(BigInteger256([11004589073310790004, 7430108805396685280, 14878949933279296351, 960876899890722652]))) * x^2 + 
    Shared(Fp256(BigInteger256([96212569164366204, 11161849073094922010, 16148065034377061006, 991280964643641347])), Fp256(BigInteger256([4261351010479246398, 5306742220308208336, 14779286198799734218, 979788089623904040]))) * x^3 + 
    Shared(Fp256(BigInteger256([11332192182173279232, 9724380441536554997, 17472998767611774513, 1238381058465711810])), Fp256(BigInteger256([972588065081812206, 8236717828562298397, 4798207958587222598, 517372054286286111]))) * x^4 + 
    Shared(Fp256(BigInteger256([7577590366829784179, 7381033387174876815, 8006446653575834408, 1285667738967818979])), Fp256(BigInteger256([5648480081059601899, 7560217065424288888, 12879285852618837044, 507064619744106150]))) * x^5 + 
    Shared(Fp256(BigInteger256([9095242066956479515, 14649009135231649513, 16131124177169521201, 491151269739119402])), Fp256(BigInteger256([5771783366893788156, 8410901253699297286, 1021061850673576718, 859798272686266470]))) * x^6, degree_bound: None, hiding_bound: Some(1), _field: PhantomData<mpc_algebra::wire::field::MpcField<ark_ff::fields::models::Fp256<ark_bls12_377::fields::fr::FrParameters>, mpc_algebra::share::rss3::RSS3FieldShare<ark_ff::fields::models::Fp256<ark_bls12_377::fields::fr::FrParameters>>>> }, z_a: LabeledPolynomial { label: "z_a", polynomial: 
    Shared(Fp256(BigInteger256([10055126901780227946, 15410693495025855509, 15771044337507721589, 174837446227779554])), Fp256(BigInteger256([4431865736339326070, 5430231464399232977, 11259443836902182650, 1014927616988090653]))) + 
    Shared(Fp256(BigInteger256([12350910652100111080, 9790073819104667210, 10895609230799800303, 1168608668951294805])), Fp256(BigInteger256([1894817816089111142, 5902775006687637943, 6985121093638915678, 325459515047075225]))) * x + 
    Shared(Fp256(BigInteger256([5011683299653245414, 5738634462221641987, 10851393221116480095, 1195591344589572951])), Fp256(BigInteger256([12649974954023100922, 16770493846898340044, 9767662036201385492, 509866230681914531]))) * x^2 + 
    Shared(Fp256(BigInteger256([14062024151404158521, 11265470432660938670, 4969729270079048897, 867320413321782819])), Fp256(BigInteger256([8722408490677730864, 12384427125695278463, 2131663661987910144, 108440461845164990]))) * x^3 + 
    Shared(Fp256(BigInteger256([6539661635191816888, 173711648115408323, 5910940440587899851, 1007275734559674437])), Fp256(BigInteger256([16820796159895666561, 14468770036324655502, 4942010755041493476, 20091160708362087]))) * x^4 + 
    Shared(Fp256(BigInteger256([9704681504032879159, 4309212500423556182, 9108729843650435905, 149215520062597833])), Fp256(BigInteger256([18275811127689117314, 16562081143794145685, 8129059662123316931, 622594154566699606]))) * x^5 + 
    Shared(Fp256(BigInteger256([8066954970446560149, 3346140373590722190, 5259597831545872831, 1043973060042299648])), Fp256(BigInteger256([12725094076822400825, 12472080724755273138, 15904574156555363948, 857040438553548729]))) * x^6 + 
    Shared(Fp256(BigInteger256([9827397418853692477, 855636890883575512, 14253127301488377130, 1321318342535957860])), Fp256(BigInteger256([13812385172264126641, 12714426499291780695, 614275596373509711, 171047743630270493]))) * x^7 + 
    Shared(Fp256(BigInteger256([7567827890627882191, 8273608966381630840, 14182519176229149849, 658059595836173550])), Fp256(BigInteger256([14172314159118804779, 11114021938823000040, 14195639474486079330, 897525059782513280]))) * x^8 + 
    Shared(Fp256(BigInteger256([0, 0, 0, 0])), Fp256(BigInteger256([0, 0, 0, 0]))) * x^9 + 
    Shared(Fp256(BigInteger256([0, 0, 0, 0])), Fp256(BigInteger256([0, 0, 0, 0]))) * x^10 + 
    Shared(Fp256(BigInteger256([0, 0, 0, 0])), Fp256(BigInteger256([0, 0, 0, 0]))) * x^11 + 
    Shared(Fp256(BigInteger256([0, 0, 0, 0])), Fp256(BigInteger256([0, 0, 0, 0]))) * x^12 + 
    Shared(Fp256(BigInteger256([0, 0, 0, 0])), Fp256(BigInteger256([0, 0, 0, 0]))) * x^13 + 
    Shared(Fp256(BigInteger256([0, 0, 0, 0])), Fp256(BigInteger256([0, 0, 0, 0]))) * x^14 + 
    Shared(Fp256(BigInteger256([0, 0, 0, 0])), Fp256(BigInteger256([0, 0, 0, 0]))) * x^15, 
    degree_bound: None, hiding_bound: Some(1), _field: PhantomData<mpc_algebra::wire::field::MpcField<ark_ff::fields::models::Fp256<ark_bls12_377::fields::fr::FrParameters>, mpc_algebra::share::rss3::RSS3FieldShare<ark_ff::fields::models::Fp256<ark_bls12_377::fields::fr::FrParameters>>>> }, 
    z_b: LabeledPolynomial { label: "z_b", polynomial: 
    Shared(Fp256(BigInteger256([16695386569572786268, 8157768104111213563, 9025383008921818768, 1046903076265120983])), Fp256(BigInteger256([13431964149224007859, 10969048098820616248, 8904987023001506530, 20675191410747251]))) + 
    Shared(Fp256(BigInteger256([12350910652100111080, 9790073819104667210, 10895609230799800303, 1168608668951294805])), Fp256(BigInteger256([1894817816089111142, 5902775006687637943, 6985121093638915678, 325459515047075225]))) * x + 
    Shared(Fp256(BigInteger256([5011683299653245414, 5738634462221641987, 10851393221116480095, 1195591344589572951])), Fp256(BigInteger256([12649974954023100922, 16770493846898340044, 9767662036201385492, 509866230681914531]))) * x^2 + 
    Shared(Fp256(BigInteger256([14062024151404158521, 11265470432660938670, 4969729270079048897, 867320413321782819])), Fp256(BigInteger256([8722408490677730864, 12384427125695278463, 2131663661987910144, 108440461845164990]))) * x^3 + 
    Shared(Fp256(BigInteger256([6539661635191816888, 173711648115408323, 5910940440587899851, 1007275734559674437])), Fp256(BigInteger256([16820796159895666561, 14468770036324655502, 4942010755041493476, 20091160708362087]))) * x^4 + 
    Shared(Fp256(BigInteger256([9704681504032879159, 4309212500423556182, 9108729843650435905, 149215520062597833])), Fp256(BigInteger256([18275811127689117314, 16562081143794145685, 8129059662123316931, 622594154566699606]))) * x^5 + 
    Shared(Fp256(BigInteger256([8066954970446560149, 3346140373590722190, 5259597831545872831, 1043973060042299648])), Fp256(BigInteger256([12725094076822400825, 12472080724755273138, 15904574156555363948, 857040438553548729]))) * x^6 + 
    Shared(Fp256(BigInteger256([9827397418853692477, 855636890883575512, 14253127301488377130, 1321318342535957860])), Fp256(BigInteger256([13812385172264126641, 12714426499291780695, 614275596373509711, 171047743630270493]))) * x^7 + 
    Shared(Fp256(BigInteger256([1653069975307039710, 3540897735786550675, 9449715747346012032, 1131274336487005520])), Fp256(BigInteger256([4446713993762407149, 17560841925911338880, 9581816972146244472, 546497114671683284]))) * x^8 + 
    Shared(Fp256(BigInteger256([0, 0, 0, 0])), Fp256(BigInteger256([0, 0, 0, 0]))) * x^9 + 
    Shared(Fp256(BigInteger256([0, 0, 0, 0])), Fp256(BigInteger256([0, 0, 0, 0]))) * x^10 + 
    Shared(Fp256(BigInteger256([0, 0, 0, 0])), Fp256(BigInteger256([0, 0, 0, 0]))) * x^11 + 
    Shared(Fp256(BigInteger256([0, 0, 0, 0])), Fp256(BigInteger256([0, 0, 0, 0]))) * x^12 + 
    Shared(Fp256(BigInteger256([0, 0, 0, 0])), Fp256(BigInteger256([0, 0, 0, 0]))) * x^13 + 
    Shared(Fp256(BigInteger256([0, 0, 0, 0])), Fp256(BigInteger256([0, 0, 0, 0]))) * x^14 + 
    Shared(Fp256(BigInteger256([0, 0, 0, 0])), Fp256(BigInteger256([0, 0, 0, 0]))) * x^15, 
    degree_bound: None, hiding_bound: Some(1), _field: PhantomData<mpc_algebra::wire::field::MpcField<ark_ff::fields::models::Fp256<ark_bls12_377::fields::fr::FrParameters>, mpc_algebra::share::rss3::RSS3FieldShare<ark_ff::fields::models::Fp256<ark_bls12_377::fields::fr::FrParameters>>>> }, 
    mask_poly: LabeledPolynomial { label: "mask_poly", polynomial: 
    Shared(Fp256(BigInteger256([12478760586456723645, 6614527345740376830, 914810836031252153, 967903781308690740])), Fp256(BigInteger256([927129994786070402, 1856524334750632067, 5572539854466035439, 757785402005805245]))) + 
    Shared(Fp256(BigInteger256([17369120727007497355, 6230780783531829410, 12794186855112789839, 726628260937045569])), Fp256(BigInteger256([9742985045018442967, 6722395302262521274, 12748299360969461980, 573274236383866823]))) * x + 
    Shared(Fp256(BigInteger256([13302430661607381625, 17869635484466185306, 11707035152596410855, 692263560998530143])), Fp256(BigInteger256([12368081944254531160, 5889731678243775925, 6925128507555089070, 73106854124139322]))) * x^2 + 
    Shared(Fp256(BigInteger256([16876262775444865049, 5281261568486831992, 2920675765377892421, 681744878015615590])), Fp256(BigInteger256([15934835935457246812, 12200525050048965715, 13504056734801461211, 411900924564818716]))) * x^3 + 
    Shared(Fp256(BigInteger256([3297870723232886773, 12923357208897254572, 7465027484930678025, 78935904591791798])), Fp256(BigInteger256([11087329031566259080, 2339210673317435227, 8228839136921065873, 830894401233998749]))) * x^4 + 
    Shared(Fp256(BigInteger256([3729398572823209222, 3471054589065279698, 12511269383268358948, 216527138666550353])), Fp256(BigInteger256([2570742922658549268, 11921617753803362452, 2306356235057129823, 692787845168635327]))) * x^5 + 
    Shared(Fp256(BigInteger256([17307158040048625948, 14763615870811641497, 9424226598411348566, 680611071358218925])), Fp256(BigInteger256([8247366866477389203, 16853343290311416685, 8287844290372007515, 427410571444812804]))) * x^6 + 
    Shared(Fp256(BigInteger256([2750048237073750895, 11551204922694335286, 5756488793789112410, 1189884765944195621])), Fp256(BigInteger256([2368987852237714509, 18165166717989236610, 8067196866902880435, 142152886716680580]))) * x^7 + 
    Shared(Fp256(BigInteger256([12919081646936759708, 2670388481587801965, 11900955765242899470, 574126593182161563])), Fp256(BigInteger256([16936387160068346643, 3372883361292765008, 1110177036462692937, 947563131044297984]))) * x^8 + 
    Shared(Fp256(BigInteger256([6698212923049481780, 14446809206674956177, 13043980289774750597, 1033534792085272987])), Fp256(BigInteger256([16123514064692274013, 1624292487656412484, 7893245651929756027, 414255827418920695]))) * x^9 + 
    Shared(Fp256(BigInteger256([11388300306702535997, 11333542731874433794, 2244535028941363225, 193804642304273825])), Fp256(BigInteger256([3763988716935249672, 8476981090758349245, 13675485117829504639, 455931068374892852]))) * x^10 + 
    Shared(Fp256(BigInteger256([11283717565213698564, 12490824672797744019, 9665660208509348333, 80597681970485714])), Fp256(BigInteger256([14989025801238577008, 1137506761906443448, 18206900307616050383, 53557647913696010]))) * x^11 + 
    Shared(Fp256(BigInteger256([7303574369051660456, 5969752590393376052, 1923461532369531564, 703579125872590037])), Fp256(BigInteger256([4408176997923886656, 3251666525742956863, 12525514087618523792, 1320364277031465702]))) * x^12 + 
    Shared(Fp256(BigInteger256([15151233136091693930, 16297945770434747488, 14529354920621147935, 986513402285468171])), Fp256(BigInteger256([15841463032229865184, 7315140865028032099, 2577647231559673416, 213985177224765669]))) * x^13 + 
    Shared(Fp256(BigInteger256([10300825721575089487, 1994001530301277492, 9948211477190625132, 937767603549099451])), Fp256(BigInteger256([5289222967189880734, 2138204297592109705, 12764399574265532219, 1339297897066851007]))) * x^14 + 
    Shared(Fp256(BigInteger256([8602877668857630355, 14421060898687712606, 3320848094676939996, 376067674207818428])), Fp256(BigInteger256([2237943308950604628, 4497573283992667573, 7496922163219965529, 1224445784095463265]))) * x^15 + 
    Shared(Fp256(BigInteger256([12946649418969051561, 3637299077071480213, 1120792031206870331, 1148530366885494493])), Fp256(BigInteger256([2034230423798566253, 7692807208356261934, 7253841741552293578, 985212208326243567]))) * x^16 + 
    Shared(Fp256(BigInteger256([11874898938226044391, 2892270516009418320, 16797159145873055846, 792632013181411395])), Fp256(BigInteger256([10092234836742687648, 4472160819896573994, 10468385838816764829, 206525021469495946]))) * x^17 + 
    Shared(Fp256(BigInteger256([13553794170603904638, 2656297197080913711, 17171264430816267121, 843957491188187005])), Fp256(BigInteger256([13970553982106152536, 1797292326918169339, 6561843010190975398, 1301313610131141870]))) * x^18 + 
    Shared(Fp256(BigInteger256([9907412009758808025, 4709841404717561628, 10996330436796312124, 583909632067636374])), Fp256(BigInteger256([1480975443466474039, 12669330125088426658, 4573651866848785087, 284393098740880688]))) * x^19 + 
    Shared(Fp256(BigInteger256([18255813224367375421, 1366829418621498387, 9072195159765264582, 34185044056970089])), Fp256(BigInteger256([9071066877279209764, 10237525684207506296, 452045102899628845, 908321253912636050]))) * x^20 + 
    Shared(Fp256(BigInteger256([11188819800353857078, 8115273837859069839, 16748220092407772835, 371360335350788712])), Fp256(BigInteger256([12717648701851586309, 4229695874372225272, 17998264438260390478, 381271551098273013]))) * x^21 + 
    Shared(Fp256(BigInteger256([17462037903660775268, 13124200936944288406, 1248550614966676756, 1032495481099534443])), Fp256(BigInteger256([3315882206406393132, 66506157008454651, 3003880722885049410, 1272742293031095607]))) * x^22 + 
    Shared(Fp256(BigInteger256([445620080189246063, 3457415881059378679, 11296076804358540258, 57734898379538193])), Fp256(BigInteger256([16554338906733265777, 4273781046973763456, 4405875714391077651, 689466141512381135]))) * x^23, degree_bound: None, hiding_bound: None, _field: PhantomData<mpc_algebra::wire::field::MpcField<ark_ff::fields::models::Fp256<ark_bls12_377::fields::fr::FrParameters>, mpc_algebra::share::rss3::RSS3FieldShare<ark_ff::fields::models::Fp256<ark_bls12_377::fields::fr::FrParameters>>>> } }
