=[DEBUG mpc_plonk] p:LabeledPolynomial { label: "p", polynomial: 
    Shared(Fp256(BigInteger256([14297663216818721905, 5931162394821670748, 10627397604543062588, 1271086108492510034])), Fp256(BigInteger256([13145103514907380300, 16266618367257652380, 3187118946660151470, 384844465099442465]))) + 
    Shared(Fp256(BigInteger256([12626032593812131142, 9694257744604401313, 834746049275748435, 219544658478277608])), Fp256(BigInteger256([11112470201353509723, 16034584275835531157, 1631517331225430948, 1305879420593100950]))) * x + 
    Shared(Fp256(BigInteger256([11295448668364471655, 6179849660489040438, 15195356932026200994, 1035118177489855149])), Fp256(BigInteger256([13713332998813298833, 5781073458202406157, 3668924925783440733, 1085059216901770616]))) * x^2 + 
    Shared(Fp256(BigInteger256([2682557856416555705, 5712838802065287953, 11504214268785463282, 178002111872790290])), Fp256(BigInteger256([4344216839526460329, 4368567472664542419, 6793076925184067983, 95412074952240178]))) * x^3 + 
    Shared(Fp256(BigInteger256([6861257417788024473, 3462376886850856558, 16016172323160828547, 916607261923928758])), Fp256(BigInteger256([17919975482784462944, 4921239366280810243, 16140533534444303567, 577436405469785268]))) * x^4 + 
    Shared(Fp256(BigInteger256([2872584162240280879, 6810978291286076792, 1848709205870216464, 53370148399468183])), Fp256(BigInteger256([16532756859043131736, 10193331088162952689, 5023357191316758151, 553222887986140779]))) * x^5 + 
    Shared(Fp256(BigInteger256([9186797431656306976, 10412186579770896717, 9601999487429177082, 228526989737067110])), Fp256(BigInteger256([11485231613685681671, 9093295153724186081, 14570217738990512549, 200165694290838759]))) * x^6 + 
    Shared(Fp256(BigInteger256([18371803821507448621, 13136836435620561425, 1360559620435974164, 656483402978136053])), Fp256(BigInteger256([2967846798857171481, 5047870076175533077, 13605897306401957127, 542323732628954815]))) * x^7 + 
    Shared(Fp256(BigInteger256([10018049413094551183, 4349912046937450491, 2118794290163023918, 361509021932874806])), Fp256(BigInteger256([2151642755430232926, 9757516451631099578, 5025991003385976979, 1302520911902489835]))) * x^8 + 
    Shared(Fp256(BigInteger256([2587852756899128119, 11204651829603287103, 15633585502719196989, 531733951941920134])), Fp256(BigInteger256([11056729104032410029, 11427596080223740043, 1990522292152345921, 843917789612625673]))) * x^9 + 
    Shared(Fp256(BigInteger256([14235156268863969627, 13800635855837360402, 5930114664768550989, 30124804819610369])), Fp256(BigInteger256([5720280894955172342, 4955985787107910233, 5396248587830924233, 654327121132173091]))) * x^10 + 
    Shared(Fp256(BigInteger256([4460017400750557840, 10327768490817603405, 10811634820349047707, 562778770838042002])), Fp256(BigInteger256([12460954306056920569, 7901963318492909283, 310653695984143406, 1122855087088670689]))) * x^11 + 
    Shared(Fp256(BigInteger256([17667262143203608360, 7054568796818941660, 14092949705697587899, 430079495248387748])), Fp256(BigInteger256([10995615674561443127, 7447593049937414365, 1756347771714537766, 683045321322046971]))) * x^12 + 
    Shared(Fp256(BigInteger256([17270249372225585052, 17582996624403953069, 13652360744095022904, 222732886010945537])), Fp256(BigInteger256([1449387849703287511, 17717260100382516047, 14116571803117626180, 1319411038246611495]))) * x^13 + 
    Shared(Fp256(BigInteger256([7557362740838537231, 7696660960150990763, 9439765279537234614, 426939302917367954])), Fp256(BigInteger256([6652369620598294672, 13168641595228576152, 15816610006334458947, 697398088293382352]))) * x^14 + 
    Shared(Fp256(BigInteger256([11154405235358480325, 13561231029957272223, 17535749182938312410, 1154314672564654908])), Fp256(BigInteger256([850965667474564521, 9468058019684830987, 6309464692935833220, 1075144227608703260]))) * x^15 + 
    Shared(Fp256(BigInteger256([3712938804296587211, 8871690386613838897, 3070995006810853277, 1053748208554954644])), Fp256(BigInteger256([17886678999809047571, 6762500015093269323, 16569526387341936118, 683765594997072938]))) * x^16 + 
    Shared(Fp256(BigInteger256([6618327960770933889, 15625689854187214136, 15695057171362193052, 80715339837308691])), Fp256(BigInteger256([5176039553545679549, 15327552666710531608, 17877769743005374285, 232553626844736402]))) * x^17 + 
    Shared(Fp256(BigInteger256([249861439387841245, 9731746321208949454, 7388991974285198559, 335944701623027852])), Fp256(BigInteger256([9813313773454222454, 9212614963949033768, 16101570881568211695, 93638406754637792]))) * x^18 + 
    Shared(Fp256(BigInteger256([4112887330221179396, 10785774728710009692, 8580955607845766091, 471046718382672369])), Fp256(BigInteger256([14561263849923191891, 6339886516913886743, 165993541246946603, 953712170402881442]))) * x^19 + 
    Shared(Fp256(BigInteger256([18277389130227896276, 1523047774327415458, 10000093723568146929, 263566077857835198])), Fp256(BigInteger256([15933769405925441814, 8387330381942809494, 16205604160931222067, 1303961459252541770]))) * x^20 + 
    Shared(Fp256(BigInteger256([18100123787218613112, 5046731418881109134, 16297941733929139952, 362286229154020911])), Fp256(BigInteger256([10102136789167422209, 11430882744279539503, 16012655275304253700, 7487138551978966]))) * x^21 + 
    Shared(Fp256(BigInteger256([4957595890202585386, 625082703972578627, 10385025363337275663, 982041468181529850])), Fp256(BigInteger256([17962110764856474085, 7181590225497654550, 13504864206230543298, 841384517139973841]))) * x^22 + 
    Shared(Fp256(BigInteger256([17812061881552545868, 2797509103060209900, 17243164423786862022, 770374096695493817])), Fp256(BigInteger256([9473219054997786498, 4963897039195563314, 6912739827328970341, 69380149187187350]))) * x^23, degree_bound: Some(23), hiding_bound: None, _field: PhantomData<mpc_algebra::wire::field::MpcField<ark_ff::fields::models::Fp256<ark_bls12_377::fields::fr::FrParameters>, mpc_algebra::share::rss3::RSS3FieldShare<ark_ff::fields::models::Fp256<ark_bls12_377::fields::fr::FrParameters>>>> }
[DEBUG mpc_algebra::wire::field] Warning: is_zero on shared data. Returning false
[DEBUG mpc_algebra::wire::field] Warning: is_zero on shared data. Returning false
[DEBUG mpc_algebra::wire::field] Warning: is_zero on shared data. Returning false
[DEBUG mpc_algebra::wire::field] Warning: is_zero on shared data. Returning false
[DEBUG mpc_algebra::wire::field] Warning: is_zero on shared data. Returning false
[DEBUG mpc_algebra::wire::field] Warning: is_zero on shared data. Returning false
[DEBUG mpc_algebra::wire::field] Warning: is_zero on shared data. Returning false
[DEBUG mpc_algebra::wire::field] Warning: is_zero on shared data. Returning false
[DEBUG mpc_algebra::wire::field] Warning: is_zero on shared data. Returning false
[DEBUG mpc_algebra::wire::field] Warning: is_zero on shared data. Returning false
[DEBUG mpc_algebra::wire::field] Warning: is_zero on shared data. Returning false
[DEBUG mpc_algebra::wire::field] Warning: is_zero on shared data. Returning false
[DEBUG mpc_algebra::wire::field] Warning: is_zero on shared data. Returning false
[DEBUG mpc_algebra::wire::field] Warning: is_zero on shared data. Returning false
[DEBUG mpc_algebra::wire::field] Warning: is_zero on shared data. Returning false
[DEBUG mpc_algebra::wire::field] Warning: is_zero on shared data. Returning false
[DEBUG mpc_algebra::wire::field] Warning: is_zero on shared data. Returning false
[DEBUG mpc_algebra::wire::field] Warning: is_zero on shared data. Returning false
[DEBUG mpc_algebra::wire::field] Warning: is_zero on shared data. Returning false
[DEBUG mpc_algebra::wire::field] Warning: is_zero on shared data. Returning false
[DEBUG mpc_algebra::wire::field] Warning: is_zero on shared data. Returning false
[DEBUG mpc_algebra::wire::field] Warning: is_zero on shared data. Returning false
[DEBUG mpc_algebra::wire::field] Warning: is_zero on shared data. Returning false
[DEBUG mpc_algebra::wire::field] Warning: is_zero on shared data. Returning false
[DEBUG mpc_algebra::wire::field] Warning: is_zero on shared data. Returning false
[DEBUG mpc_algebra::wire::field] Warning: is_zero on shared data. Returning false
[DEBUG mpc_algebra::wire::field] Warning: is_zero on shared data. Returning false
[DEBUG mpc_algebra::wire::field] Warning: is_zero on shared data. Returning false
[DEBUG mpc_algebra::wire::field] Warning: is_zero on shared data. Returning false
[DEBUG mpc_algebra::wire::field] Warning: is_zero on shared data. Returning false
[DEBUG mpc_algebra::wire::field] Warning: is_zero on shared data. Returning false
[DEBUG mpc_algebra::wire::field] Warning: is_zero on shared data. Returning false
[DEBUG mpc_algebra::wire::field] Warning: is_zero on shared data. Returning false
[DEBUG mpc_plonk] p:LabeledPolynomial { label: "p", polynomial: 
    Shared(Fp256(BigInteger256([451290832605418851, 17996681590759887646, 13273541805806472661, 212769377424606984])), Fp256(BigInteger256([14297663216818721905, 5931162394821670748, 10627397604543062588, 1271086108492510034]))) + 
    Shared(Fp256(BigInteger256([3203236087810368952, 1345043461884383170, 4950792331992573606, 458129272876772971])), Fp256(BigInteger256([12626032593812131142, 9694257744604401313, 834746049275748435, 219544658478277608]))) * x + 
    Shared(Fp256(BigInteger256([4332251323709087906, 17668729499028055940, 6041840225831368592, 853645467884487923])), Fp256(BigInteger256([11295448668364471655, 6179849660489040438, 15195356932026200994, 1035118177489855149]))) * x^2 + 
    Shared(Fp256(BigInteger256([321555080666350241, 14770946385976072255, 710268453622117198, 539794347082660718])), Fp256(BigInteger256([2682557856416555705, 5712838802065287953, 11504214268785463282, 178002111872790290]))) * x^3 + 
    Shared(Fp256(BigInteger256([11110975739657666578, 17929143099075076299, 1110971306659054518, 646915768867223021])), Fp256(BigInteger256([6861257417788024473, 3462376886850856558, 16016172323160828547, 916607261923928758]))) * x^4 + 
    Shared(Fp256(BigInteger256([9018095676797059279, 1226270778142099498, 15602848231007022901, 854265655742682396])), Fp256(BigInteger256([2872584162240280879, 6810978291286076792, 1848709205870216464, 53370148399468183]))) * x^5 + 
    Shared(Fp256(BigInteger256([3836573685774972546, 6367031535641291190, 14803003665455393485, 209234846647817547])), Fp256(BigInteger256([9186797431656306976, 10412186579770896717, 9601999487429177082, 228526989737067110]))) * x^6 + 
    Shared(Fp256(BigInteger256([6596551167686355170, 7095962573121486767, 14796547509784785734, 745409079645750710])), Fp256(BigInteger256([18371803821507448621, 13136836435620561425, 1360559620435974164, 656483402978136053]))) * x^7 + 
    Shared(Fp256(BigInteger256([6565603588188915430, 9222176734266321019, 16277752033231519085, 1126198278252500720])), Fp256(BigInteger256([10018049413094551183, 4349912046937450491, 2118794290163023918, 361509021932874806]))) * x^8 + 
    Shared(Fp256(BigInteger256([12907014369377993914, 5222489276423280165, 9380893671029206610, 1107833041998475486])), Fp256(BigInteger256([2587852756899128119, 11204651829603287103, 15633585502719196989, 531733951941920134]))) * x^9 + 
    Shared(Fp256(BigInteger256([3846044955830890912, 7633301401752818625, 3732125363933137006, 1066508185592915227])), Fp256(BigInteger256([14235156268863969627, 13800635855837360402, 5930114664768550989, 30124804819610369]))) * x^10 + 
    Shared(Fp256(BigInteger256([2813390764456073721, 5025800010490380046, 7628430311825660453, 739293863308851968])), Fp256(BigInteger256([4460017400750557840, 10327768490817603405, 10811634820349047707, 562778770838042002]))) * x^11 + 
    Shared(Fp256(BigInteger256([15545697144834726300, 15826853634319458191, 1684697514503793060, 1254329521035709563])), Fp256(BigInteger256([17667262143203608360, 7054568796818941660, 14092949705697587899, 430079495248387748]))) * x^12 + 
    Shared(Fp256(BigInteger256([9758853633982023809, 14166631960443769293, 2076900532122242238, 39698393233691323])), Fp256(BigInteger256([17270249372225585052, 17582996624403953069, 13652360744095022904, 222732886010945537]))) * x^13 + 
    Shared(Fp256(BigInteger256([7254766401700721616, 15972564486370730970, 4624361389406593721, 1146153102857032224])), Fp256(BigInteger256([7557362740838537231, 7696660960150990763, 9439765279537234614, 426939302917367954]))) * x^14 + 
    Shared(Fp256(BigInteger256([9676211124778954498, 16134466048941493629, 15408863163502579898, 1007042486756884598])), Fp256(BigInteger256([11154405235358480325, 13561231029957272223, 17535749182938312410, 1154314672564654908]))) * x^15 + 
    Shared(Fp256(BigInteger256([10624418779239736702, 12691752825471799028, 8818350416622705701, 903178254433640705])), Fp256(BigInteger256([3712938804296587211, 8871690386613838897, 3070995006810853277, 1053748208554954644]))) * x^16 + 
    Shared(Fp256(BigInteger256([4548002619960940153, 5010224651099991991, 14365965929509639051, 543133094761527062])), Fp256(BigInteger256([6618327960770933889, 15625689854187214136, 15695057171362193052, 80715339837308691]))) * x^17 + 
    Shared(Fp256(BigInteger256([1294248841676894104, 11972646386231809329, 11686037593705441140, 76675355646058965])), Fp256(BigInteger256([249861439387841245, 9731746321208949454, 7388991974285198559, 335944701623027852]))) * x^18 + 
    Shared(Fp256(BigInteger256([7378914459052494660, 1787850635646175532, 17466467740224658185, 819219833826840990])), Fp256(BigInteger256([4112887330221179396, 10785774728710009692, 8580955607845766091, 471046718382672369]))) * x^19 + 
    Shared(Fp256(BigInteger256([15169790930708487850, 2951975116571002692, 12098313763759792751, 423895745048363005])), Fp256(BigInteger256([18277389130227896276, 1523047774327415458, 10000093723568146929, 263566077857835198]))) * x^20 + 
    Shared(Fp256(BigInteger256([18253893946615974472, 15159078355324384310, 17817910993142769936, 1201157728738206589])), Fp256(BigInteger256([18100123787218613112, 5046731418881109134, 16297941733929139952, 362286229154020911]))) * x^21 + 
    Shared(Fp256(BigInteger256([14726329952316016164, 8326975360994254512, 15622826024212488653, 196074389629664448])), Fp256(BigInteger256([4957595890202585386, 625082703972578627, 10385025363337275663, 982041468181529850]))) * x^22 + 
    Shared(Fp256(BigInteger256([1264789952512218964, 2013547461797642168, 2234656264345105179, 832607629651982095])), Fp256(BigInteger256([17812061881552545868, 2797509103060209900, 17243164423786862022, 770374096695493817]))) * x^23, degree_bound: Some(23), hiding_bound: None, _field: PhantomData<mpc_algebra::wire::field::MpcField<ark_ff::fields::models::Fp256<ark_bls12_377::fields::fr::FrParameters>, mpc_algebra::share::rss3::RSS3FieldShare<ark_ff::fields::models::Fp256<ark_bls12_377::fields::fr::FrParameters>>>> }
[DEBUG mpc_algebra::wire::field] Warning: is_zero on shared data. Returning false
[DEBUG mpc_algebra::wire::field] Warning: is_zero on shared data. Returning false
[DEBUG mpc_plonk] commit: pub_q
[DEBUG mpc_algebra::wire::field] Warning: is_zero on shared data. Returning false
[DEBUG mpc_algebra::wire::field] Warning: is_zero on shared data. Returning false
[DEBUG mpc_algebra::wire::field] Warning: is_zero on shared data. Returning false
[DEBUG mpc_algebra::wire::field] Warning: is_zero on shared data. Returning false
[DEBUG mpc_algebra::wire::field] Warning: is_zero on shared data. Returning false
[DEBUG mpc_algebra::wire::field] Warning: is_zero on shared data. Returning false
[DEBUG mpc_algebra::wire::field] Warning: is_zero on shared data. Returning false
[DEBUG mpc_algebra::wire::field] Warning: is_zero on shared data. Returning false
[DEBUG mpc_algebra::wire::field] Warning: is_zero on shared data. Returning false
[DEBUG mpc_algebra::wire::field] Warning: is_zero on shared data. Returning false
[DEBUG mpc_algebra::wire::field] Warning: is_zero on shared data. Returning false
[DEBUG mpc_algebra::wire::field] Warning: is_zero on shared data. Returning false
[DEBUG mpc_algebra::wire::field] Warning: is_zero on shared data. Returning false
[DEBUG mpc_algebra::wire::field] Warning: is_zero on shared data. Returning false
[DEBUG mpc_algebra::wire::field] Warning: is_zero on shared data. Returning false
[DEBUG mpc_algebra::wire::field] Warning: is_zero on shared data. Returning false
[DEBUG mpc_plonk] p:LabeledPolynomial { label: "p", polynomial: 
    Shared(Fp256(BigInteger256([13145103514907380300, 16266618367257652380, 3187118946660151470, 384844465099442465])), Fp256(BigInteger256([451290832605418851, 17996681590759887646, 13273541805806472661, 212769377424606984]))) + 
    Shared(Fp256(BigInteger256([11112470201353509723, 16034584275835531157, 1631517331225430948, 1305879420593100950])), Fp256(BigInteger256([3203236087810368952, 1345043461884383170, 4950792331992573606, 458129272876772971]))) * x + 
    Shared(Fp256(BigInteger256([13713332998813298833, 5781073458202406157, 3668924925783440733, 1085059216901770616])), Fp256(BigInteger256([4332251323709087906, 17668729499028055940, 6041840225831368592, 853645467884487923]))) * x^2 + 
    Shared(Fp256(BigInteger256([4344216839526460329, 4368567472664542419, 6793076925184067983, 95412074952240178])), Fp256(BigInteger256([321555080666350241, 14770946385976072255, 710268453622117198, 539794347082660718]))) * x^3 + 
    Shared(Fp256(BigInteger256([17919975482784462944, 4921239366280810243, 16140533534444303567, 577436405469785268])), Fp256(BigInteger256([11110975739657666578, 17929143099075076299, 1110971306659054518, 646915768867223021]))) * x^4 + 
    Shared(Fp256(BigInteger256([16532756859043131736, 10193331088162952689, 5023357191316758151, 553222887986140779])), Fp256(BigInteger256([9018095676797059279, 1226270778142099498, 15602848231007022901, 854265655742682396]))) * x^5 + 
    Shared(Fp256(BigInteger256([11485231613685681671, 9093295153724186081, 14570217738990512549, 200165694290838759])), Fp256(BigInteger256([3836573685774972546, 6367031535641291190, 14803003665455393485, 209234846647817547]))) * x^6 + 
    Shared(Fp256(BigInteger256([2967846798857171481, 5047870076175533077, 13605897306401957127, 542323732628954815])), Fp256(BigInteger256([6596551167686355170, 7095962573121486767, 14796547509784785734, 745409079645750710]))) * x^7 + 
    Shared(Fp256(BigInteger256([2151642755430232926, 9757516451631099578, 5025991003385976979, 1302520911902489835])), Fp256(BigInteger256([6565603588188915430, 9222176734266321019, 16277752033231519085, 1126198278252500720]))) * x^8 + 
    Shared(Fp256(BigInteger256([11056729104032410029, 11427596080223740043, 1990522292152345921, 843917789612625673])), Fp256(BigInteger256([12907014369377993914, 5222489276423280165, 9380893671029206610, 1107833041998475486]))) * x^9 + 
    Shared(Fp256(BigInteger256([5720280894955172342, 4955985787107910233, 5396248587830924233, 654327121132173091])), Fp256(BigInteger256([3846044955830890912, 7633301401752818625, 3732125363933137006, 1066508185592915227]))) * x^10 + 
    Shared(Fp256(BigInteger256([12460954306056920569, 7901963318492909283, 310653695984143406, 1122855087088670689])), Fp256(BigInteger256([2813390764456073721, 5025800010490380046, 7628430311825660453, 739293863308851968]))) * x^11 + 
    Shared(Fp256(BigInteger256([10995615674561443127, 7447593049937414365, 1756347771714537766, 683045321322046971])), Fp256(BigInteger256([15545697144834726300, 15826853634319458191, 1684697514503793060, 1254329521035709563]))) * x^12 + 
    Shared(Fp256(BigInteger256([1449387849703287511, 17717260100382516047, 14116571803117626180, 1319411038246611495])), Fp256(BigInteger256([9758853633982023809, 14166631960443769293, 2076900532122242238, 39698393233691323]))) * x^13 + 
    Shared(Fp256(BigInteger256([6652369620598294672, 13168641595228576152, 15816610006334458947, 697398088293382352])), Fp256(BigInteger256([7254766401700721616, 15972564486370730970, 4624361389406593721, 1146153102857032224]))) * x^14 + 
    Shared(Fp256(BigInteger256([850965667474564521, 9468058019684830987, 6309464692935833220, 1075144227608703260])), Fp256(BigInteger256([9676211124778954498, 16134466048941493629, 15408863163502579898, 1007042486756884598]))) * x^15 + 
    Shared(Fp256(BigInteger256([17886678999809047571, 6762500015093269323, 16569526387341936118, 683765594997072938])), Fp256(BigInteger256([10624418779239736702, 12691752825471799028, 8818350416622705701, 903178254433640705]))) * x^16 + 
    Shared(Fp256(BigInteger256([5176039553545679549, 15327552666710531608, 17877769743005374285, 232553626844736402])), Fp256(BigInteger256([4548002619960940153, 5010224651099991991, 14365965929509639051, 543133094761527062]))) * x^17 + 
    Shared(Fp256(BigInteger256([9813313773454222454, 9212614963949033768, 16101570881568211695, 93638406754637792])), Fp256(BigInteger256([1294248841676894104, 11972646386231809329, 11686037593705441140, 76675355646058965]))) * x^18 + 
    Shared(Fp256(BigInteger256([14561263849923191891, 6339886516913886743, 165993541246946603, 953712170402881442])), Fp256(BigInteger256([7378914459052494660, 1787850635646175532, 17466467740224658185, 819219833826840990]))) * x^19 + 
    Shared(Fp256(BigInteger256([15933769405925441814, 8387330381942809494, 16205604160931222067, 1303961459252541770])), Fp256(BigInteger256([15169790930708487850, 2951975116571002692, 12098313763759792751, 423895745048363005]))) * x^20 + 
    Shared(Fp256(BigInteger256([10102136789167422209, 11430882744279539503, 16012655275304253700, 7487138551978966])), Fp256(BigInteger256([18253893946615974472, 15159078355324384310, 17817910993142769936, 1201157728738206589]))) * x^21 + 
    Shared(Fp256(BigInteger256([17962110764856474085, 7181590225497654550, 13504864206230543298, 841384517139973841])), Fp256(BigInteger256([14726329952316016164, 8326975360994254512, 15622826024212488653, 196074389629664448]))) * x^22 + 
    Shared(Fp256(BigInteger256([9473219054997786498, 4963897039195563314, 6912739827328970341, 69380149187187350])), Fp256(BigInteger256([1264789952512218964, 2013547461797642168, 2234656264345105179, 832607629651982095]))) * x^23, degree_bound: Some(23), hiding_bound: None, _field: PhantomData<mpc_algebra::wire::field::MpcField<ark_ff::fields::models::Fp256<ark_bls12_377::fields::fr::FrParameters>, mpc_algebra::share::rss3::RSS3FieldShare<ark_ff::fields::models::Fp256<ark_bls12_377::fields::fr::FrParameters>>>> }
