

++ BIN=./target/release/proof
++ BIN=./target/release/proof
++ ./scripts/bench.zsh plonk spdz 10000 3
[DEBUG mpc_net::multi] 0 to 1
[DEBUG mpc_net::multi] Contacting 1
[DEBUG mpc_net::multi] 0 to 2
[DEBUG mpc_net::multi] Contacting 2
[DEBUG mpc_net::multi] 1 to 2
[DEBUG mpc_plonk] commit: p
[DEBUG mpc_plonk] commit: pub_q
[DEBUG mpc_plonk] commit: gates_q
[DEBUG mpc_plonk] commit: l1
[DEBUG mpc_plonk] commit: t
[DEBUG mpc_plonk] commit: q
[DEBUG mpc_plonk] commit: l2_q
[DEBUG proof] Stats: Stats {
        bytes_sent: 153106720,
        bytes_recv: 153106720,
        broadcasts: 177,
        to_king: 0,
        from_king: 0,
    }
60.921s
++ BIN=./target/release/proof
++ ./scripts/bench.zsh plonk gsz 10000 3
[DEBUG mpc_net::multi] 0 to 1
[DEBUG mpc_net::multi] Contacting 1
[DEBUG mpc_net::multi] 0 to 2
[DEBUG mpc_net::multi] Contacting 2
[DEBUG mpc_net::multi] 1 to 2
[DEBUG mpc_plonk] commit: p
[DEBUG mpc_plonk] commit: pub_q
[DEBUG mpc_plonk] commit: gates_q
[DEBUG mpc_algebra::share::gsz20::field] Open Field: 131072 checks
[DEBUG mpc_plonk] commit: l1
[DEBUG mpc_algebra::share::gsz20::field] Open Field: 98304 checks
[DEBUG mpc_plonk] commit: t
[DEBUG mpc_algebra::share::gsz20::field] Open Field: 245761 checks
[DEBUG mpc_plonk] commit: q
[DEBUG mpc_algebra::share::gsz20::field] Open Field: 49152 checks
[DEBUG mpc_plonk] commit: l2_q
[DEBUG mpc_algebra::share::gsz20::field] Open Field: 49152 checks
[DEBUG proof] Stats: Stats {
        bytes_sent: 49308480,
        bytes_recv: 49305312,
        broadcasts: 146,
        to_king: 198,
        from_king: 198,
    }
33.236s
    Finished release [optimized + debuginfo] target(s) in 0.08s
++ BIN=./target/release/proof
++ BIN=./target/release/proof
++ ./scripts/bench.zsh plonk rss3 10000 3
[DEBUG mpc_net::multi] 0 to 1
[DEBUG mpc_net::multi] Contacting 1
[DEBUG mpc_net::multi] 0 to 2
[DEBUG mpc_net::multi] Contacting 2
[DEBUG mpc_net::multi] 1 to 2
[DEBUG mpc_plonk] commit: p
[DEBUG mpc_plonk] commit: pub_q
[DEBUG mpc_plonk] commit: gates_q
[DEBUG mpc_plonk] commit: l1
[DEBUG mpc_plonk] commit: t
[DEBUG mpc_plonk] commit: q
[DEBUG mpc_plonk] commit: l2_q
[DEBUG proof] Stats: Stats {
        bytes_sent: 38018008,
        bytes_recv: 38018008,
        broadcasts: 41,
        to_king: 0,
        from_king: 0,
    }
55.962s